#
# A fatal error has been detected by the Java Runtime Environment:
#
#  EXCEPTION_ACCESS_VIOLATION (0xc0000005) at pc=0x00007ffedd774dad, pid=5068, tid=6596
#
# JRE version: Java(TM) SE Runtime Environment (9.0+11) (build 9.0.4+11)
# Java VM: Java HotSpot(TM) 64-Bit Server VM (9.0.4+11, mixed mode, tiered, compressed oops, g1 gc, windows-amd64)
# Problematic frame:
# C  [librdi_filemgmt.dll+0x134dad]
#
# No core dump will be written. Minidumps are not enabled by default on client versions of Windows
#
# If you would like to submit a bug report, please visit:
#   http://bugreport.java.com/bugreport/crash.jsp
# The crash happened outside the Java Virtual Machine in native code.
# See problematic frame for where to report the bug.
#

---------------  S U M M A R Y ------------

Command Line: -Dsun.java2d.pmoffscreen=false -Dsun.java2d.xrender=false -Dsun.java2d.d3d=false -Dsun.awt.nopixfmt=true -Dsun.java2d.dpiaware=true -Dsun.java2d.uiScale.enabled=false -Xverify:none -Dswing.aatext=true -XX:-UsePerfData -Djdk.map.althashing.threshold=512 -XX:StringTableSize=4072 --add-opens=java.base/java.nio=ALL-UNNAMED --add-opens=java.desktop/sun.swing=ALL-UNNAMED --add-opens=java.desktop/javax.swing=ALL-UNNAMED --add-opens=java.desktop/javax.swing.tree=ALL-UNNAMED --add-opens=java.desktop/javax.swing.plaf.basic=ALL-UNNAMED --add-opens=java.desktop/javax.swing.plaf.synth=ALL-UNNAMED --add-opens=java.desktop/com.sun.awt=ALL-UNNAMED -XX:NewSize=60m -XX:MaxNewSize=60m -Xms128m -Xmx3072m -Xss5m 

Host: Intel(R) Core(TM) i5-4570 CPU @ 3.20GHz, 4 cores, 7G,  Windows 10 , 64 bit Build 17134 (10.0.17134.753)
Time: Sun Nov 24 16:46:12 2019 ?D1¨²¡À¨º¡Á?¨º¡À?? elapsed time: 264 seconds (0d 0h 4m 24s)

---------------  T H R E A D  ---------------

Current thread (0x000001f7e1d9d800):  JavaThread "AWT-EventQueue-1" [_thread_in_native, id=6596, stack(0x0000001596200000,0x0000001596700000)]

Stack: [0x0000001596200000,0x0000001596700000],  sp=0x00000015966f82d0,  free space=5088k
Native frames: (J=compiled Java code, j=interpreted, Vv=VM code, C=native code)
C  [librdi_filemgmt.dll+0x134dad]
C  0x000001f7d106203a

Java frames: (J=compiled Java code, j=interpreted, Vv=VM code)
J 10751  ui.data.design.dai.SrcFile_isAvailable(J)Z (0 bytes) @ 0x000001f7d1061fa1 [0x000001f7d1061f60+0x0000000000000041]
J 13732 c1 ui.data.design.Y.pu()Lui/d/d; (105 bytes) @ 0x000001f7cb4c38bc [0x000001f7cb4c3800+0x00000000000000bc]
J 15808 c1 ui.views.cp.bs(Lui/data/bh;)Lui/d/d; (3038 bytes) @ 0x000001f7cac3cd24 [0x000001f7cac34720+0x0000000000008604]
J 14094 c1 ui.views.cp.a(Lui/data/bh;Z)Ljavax/swing/Icon; (189 bytes) @ 0x000001f7cb616ab4 [0x000001f7cb6169a0+0x0000000000000114]
j  ui.views.bD.J(Lui/data/bh;)Ljavax/swing/Icon;+6
j  ui.views.cA.getIcon()Ljavax/swing/Icon;+21
j  ui.utils.o.w.h.getIcon()Ljavax/swing/Icon;+4
J 18362 c1 javax.swing.plaf.synth.SynthLabelUI.paint(Ljavax/swing/plaf/synth/SynthContext;Ljava/awt/Graphics;)V java.desktop@9.0.4 (100 bytes) @ 0x000001f7caf0002c [0x000001f7caeffc80+0x00000000000003ac]
J 18894 c1 javax.swing.plaf.synth.SynthLabelUI.update(Ljava/awt/Graphics;Ljavax/swing/JComponent;)V java.desktop@9.0.4 (37 bytes) @ 0x000001f7c9c9b91c [0x000001f7c9c9a680+0x000000000000129c]
J 18521 c2 javax.swing.JComponent.paintComponent(Ljava/awt/Graphics;)V java.desktop@9.0.4 (44 bytes) @ 0x000001f7d1a52954 [0x000001f7d1a528c0+0x0000000000000094]
J 18523 c2 javax.swing.JComponent.paint(Ljava/awt/Graphics;)V java.desktop@9.0.4 (409 bytes) @ 0x000001f7d1a500d0 [0x000001f7d1a4f9e0+0x00000000000006f0]
J 18522 c2 javax.swing.JComponent.paintChildren(Ljava/awt/Graphics;)V java.desktop@9.0.4 (691 bytes) @ 0x000001f7d1a4863c [0x000001f7d1a48000+0x000000000000063c]
J 18523 c2 javax.swing.JComponent.paint(Ljava/awt/Graphics;)V java.desktop@9.0.4 (409 bytes) @ 0x000001f7d1a50108 [0x000001f7d1a4f9e0+0x0000000000000728]
J 18522 c2 javax.swing.JComponent.paintChildren(Ljava/awt/Graphics;)V java.desktop@9.0.4 (691 bytes) @ 0x000001f7d1a4863c [0x000001f7d1a48000+0x000000000000063c]
J 18523 c2 javax.swing.JComponent.paint(Ljava/awt/Graphics;)V java.desktop@9.0.4 (409 bytes) @ 0x000001f7d1a50108 [0x000001f7d1a4f9e0+0x0000000000000728]
J 18522 c2 javax.swing.JComponent.paintChildren(Ljava/awt/Graphics;)V java.desktop@9.0.4 (691 bytes) @ 0x000001f7d1a4863c [0x000001f7d1a48000+0x000000000000063c]
J 18523 c2 javax.swing.JComponent.paint(Ljava/awt/Graphics;)V java.desktop@9.0.4 (409 bytes) @ 0x000001f7d1a50108 [0x000001f7d1a4f9e0+0x0000000000000728]
J 18522 c2 javax.swing.JComponent.paintChildren(Ljava/awt/Graphics;)V java.desktop@9.0.4 (691 bytes) @ 0x000001f7d1a4863c [0x000001f7d1a48000+0x000000000000063c]
J 18523 c2 javax.swing.JComponent.paint(Ljava/awt/Graphics;)V java.desktop@9.0.4 (409 bytes) @ 0x000001f7d1a50108 [0x000001f7d1a4f9e0+0x0000000000000728]
J 18522 c2 javax.swing.JComponent.paintChildren(Ljava/awt/Graphics;)V java.desktop@9.0.4 (691 bytes) @ 0x000001f7d1a4863c [0x000001f7d1a48000+0x000000000000063c]
J 18523 c2 javax.swing.JComponent.paint(Ljava/awt/Graphics;)V java.desktop@9.0.4 (409 bytes) @ 0x000001f7d1a50108 [0x000001f7d1a4f9e0+0x0000000000000728]
J 18522 c2 javax.swing.JComponent.paintChildren(Ljava/awt/Graphics;)V java.desktop@9.0.4 (691 bytes) @ 0x000001f7d1a4863c [0x000001f7d1a48000+0x000000000000063c]
J 18523 c2 javax.swing.JComponent.paint(Ljava/awt/Graphics;)V java.desktop@9.0.4 (409 bytes) @ 0x000001f7d1a50108 [0x000001f7d1a4f9e0+0x0000000000000728]
J 18358 c1 javax.swing.JLayeredPane.paint(Ljava/awt/Graphics;)V java.desktop@9.0.4 (77 bytes) @ 0x000001f7cacd3c2c [0x000001f7cacd32e0+0x000000000000094c]
J 18522 c2 javax.swing.JComponent.paintChildren(Ljava/awt/Graphics;)V java.desktop@9.0.4 (691 bytes) @ 0x000001f7d1a4863c [0x000001f7d1a48000+0x000000000000063c]
J 18523 c2 javax.swing.JComponent.paint(Ljava/awt/Graphics;)V java.desktop@9.0.4 (409 bytes) @ 0x000001f7d1a50108 [0x000001f7d1a4f9e0+0x0000000000000728]
J 18522 c2 javax.swing.JComponent.paintChildren(Ljava/awt/Graphics;)V java.desktop@9.0.4 (691 bytes) @ 0x000001f7d1a4863c [0x000001f7d1a48000+0x000000000000063c]
J 18523 c2 javax.swing.JComponent.paint(Ljava/awt/Graphics;)V java.desktop@9.0.4 (409 bytes) @ 0x000001f7d1a50108 [0x000001f7d1a4f9e0+0x0000000000000728]
J 18522 c2 javax.swing.JComponent.paintChildren(Ljava/awt/Graphics;)V java.desktop@9.0.4 (691 bytes) @ 0x000001f7d1a4863c [0x000001f7d1a48000+0x000000000000063c]
J 18523 c2 javax.swing.JComponent.paint(Ljava/awt/Graphics;)V java.desktop@9.0.4 (409 bytes) @ 0x000001f7d1a50108 [0x000001f7d1a4f9e0+0x0000000000000728]
J 18522 c2 javax.swing.JComponent.paintChildren(Ljava/awt/Graphics;)V java.desktop@9.0.4 (691 bytes) @ 0x000001f7d1a4863c [0x000001f7d1a48000+0x000000000000063c]
J 18523 c2 javax.swing.JComponent.paint(Ljava/awt/Graphics;)V java.desktop@9.0.4 (409 bytes) @ 0x000001f7d1a50108 [0x000001f7d1a4f9e0+0x0000000000000728]
J 18522 c2 javax.swing.JComponent.paintChildren(Ljava/awt/Graphics;)V java.desktop@9.0.4 (691 bytes) @ 0x000001f7d1a4863c [0x000001f7d1a48000+0x000000000000063c]
J 18523 c2 javax.swing.JComponent.paint(Ljava/awt/Graphics;)V java.desktop@9.0.4 (409 bytes) @ 0x000001f7d1a50108 [0x000001f7d1a4f9e0+0x0000000000000728]
J 18522 c2 javax.swing.JComponent.paintChildren(Ljava/awt/Graphics;)V java.desktop@9.0.4 (691 bytes) @ 0x000001f7d1a4863c [0x000001f7d1a48000+0x000000000000063c]
J 18523 c2 javax.swing.JComponent.paint(Ljava/awt/Graphics;)V java.desktop@9.0.4 (409 bytes) @ 0x000001f7d1a50108 [0x000001f7d1a4f9e0+0x0000000000000728]
J 18522 c2 javax.swing.JComponent.paintChildren(Ljava/awt/Graphics;)V java.desktop@9.0.4 (691 bytes) @ 0x000001f7d1a4863c [0x000001f7d1a48000+0x000000000000063c]
J 18523 c2 javax.swing.JComponent.paint(Ljava/awt/Graphics;)V java.desktop@9.0.4 (409 bytes) @ 0x000001f7d1a50108 [0x000001f7d1a4f9e0+0x0000000000000728]
J 18522 c2 javax.swing.JComponent.paintChildren(Ljava/awt/Graphics;)V java.desktop@9.0.4 (691 bytes) @ 0x000001f7d1a4863c [0x000001f7d1a48000+0x000000000000063c]
J 18523 c2 javax.swing.JComponent.paint(Ljava/awt/Graphics;)V java.desktop@9.0.4 (409 bytes) @ 0x000001f7d1a50108 [0x000001f7d1a4f9e0+0x0000000000000728]
J 18522 c2 javax.swing.JComponent.paintChildren(Ljava/awt/Graphics;)V java.desktop@9.0.4 (691 bytes) @ 0x000001f7d1a4863c [0x000001f7d1a48000+0x000000000000063c]
J 18523 c2 javax.swing.JComponent.paint(Ljava/awt/Graphics;)V java.desktop@9.0.4 (409 bytes) @ 0x000001f7d1a50108 [0x000001f7d1a4f9e0+0x0000000000000728]
J 18522 c2 javax.swing.JComponent.paintChildren(Ljava/awt/Graphics;)V java.desktop@9.0.4 (691 bytes) @ 0x000001f7d1a4863c [0x000001f7d1a48000+0x000000000000063c]
J 18523 c2 javax.swing.JComponent.paint(Ljava/awt/Graphics;)V java.desktop@9.0.4 (409 bytes) @ 0x000001f7d1a50108 [0x000001f7d1a4f9e0+0x0000000000000728]
J 18522 c2 javax.swing.JComponent.paintChildren(Ljava/awt/Graphics;)V java.desktop@9.0.4 (691 bytes) @ 0x000001f7d1a4863c [0x000001f7d1a48000+0x000000000000063c]
J 18523 c2 javax.swing.JComponent.paint(Ljava/awt/Graphics;)V java.desktop@9.0.4 (409 bytes) @ 0x000001f7d1a50108 [0x000001f7d1a4f9e0+0x0000000000000728]
J 18522 c2 javax.swing.JComponent.paintChildren(Ljava/awt/Graphics;)V java.desktop@9.0.4 (691 bytes) @ 0x000001f7d1a4863c [0x000001f7d1a48000+0x000000000000063c]
J 18523 c2 javax.swing.JComponent.paint(Ljava/awt/Graphics;)V java.desktop@9.0.4 (409 bytes) @ 0x000001f7d1a50108 [0x000001f7d1a4f9e0+0x0000000000000728]
J 18522 c2 javax.swing.JComponent.paintChildren(Ljava/awt/Graphics;)V java.desktop@9.0.4 (691 bytes) @ 0x000001f7d1a4863c [0x000001f7d1a48000+0x000000000000063c]
J 18523 c2 javax.swing.JComponent.paint(Ljava/awt/Graphics;)V java.desktop@9.0.4 (409 bytes) @ 0x000001f7d1a50108 [0x000001f7d1a4f9e0+0x0000000000000728]
J 18522 c2 javax.swing.JComponent.paintChildren(Ljava/awt/Graphics;)V java.desktop@9.0.4 (691 bytes) @ 0x000001f7d1a4863c [0x000001f7d1a48000+0x000000000000063c]
J 18523 c2 javax.swing.JComponent.paint(Ljava/awt/Graphics;)V java.desktop@9.0.4 (409 bytes) @ 0x000001f7d1a50108 [0x000001f7d1a4f9e0+0x0000000000000728]
J 18522 c2 javax.swing.JComponent.paintChildren(Ljava/awt/Graphics;)V java.desktop@9.0.4 (691 bytes) @ 0x000001f7d1a4863c [0x000001f7d1a48000+0x000000000000063c]
J 18523 c2 javax.swing.JComponent.paint(Ljava/awt/Graphics;)V java.desktop@9.0.4 (409 bytes) @ 0x000001f7d1a50108 [0x000001f7d1a4f9e0+0x0000000000000728]
J 18522 c2 javax.swing.JComponent.paintChildren(Ljava/awt/Graphics;)V java.desktop@9.0.4 (691 bytes) @ 0x000001f7d1a4863c [0x000001f7d1a48000+0x000000000000063c]
j  javax.swing.JSplitPane.paintChildren(Ljava/awt/Graphics;)V+2 java.desktop@9.0.4
J 18523 c2 javax.swing.JComponent.paint(Ljava/awt/Graphics;)V java.desktop@9.0.4 (409 bytes) @ 0x000001f7d1a50108 [0x000001f7d1a4f9e0+0x0000000000000728]
J 18522 c2 javax.swing.JComponent.paintChildren(Ljava/awt/Graphics;)V java.desktop@9.0.4 (691 bytes) @ 0x000001f7d1a4863c [0x000001f7d1a48000+0x000000000000063c]
J 18523 c2 javax.swing.JComponent.paint(Ljava/awt/Graphics;)V java.desktop@9.0.4 (409 bytes) @ 0x000001f7d1a50108 [0x000001f7d1a4f9e0+0x0000000000000728]
J 18522 c2 javax.swing.JComponent.paintChildren(Ljava/awt/Graphics;)V java.desktop@9.0.4 (691 bytes) @ 0x000001f7d1a4863c [0x000001f7d1a48000+0x000000000000063c]
J 18523 c2 javax.swing.JComponent.paint(Ljava/awt/Graphics;)V java.desktop@9.0.4 (409 bytes) @ 0x000001f7d1a50108 [0x000001f7d1a4f9e0+0x0000000000000728]
J 18522 c2 javax.swing.JComponent.paintChildren(Ljava/awt/Graphics;)V java.desktop@9.0.4 (691 bytes) @ 0x000001f7d1a4863c [0x000001f7d1a48000+0x000000000000063c]
J 18523 c2 javax.swing.JComponent.paint(Ljava/awt/Graphics;)V java.desktop@9.0.4 (409 bytes) @ 0x000001f7d1a50108 [0x000001f7d1a4f9e0+0x0000000000000728]
J 18522 c2 javax.swing.JComponent.paintChildren(Ljava/awt/Graphics;)V java.desktop@9.0.4 (691 bytes) @ 0x000001f7d1a4863c [0x000001f7d1a48000+0x000000000000063c]
J 18523 c2 javax.swing.JComponent.paint(Ljava/awt/Graphics;)V java.desktop@9.0.4 (409 bytes) @ 0x000001f7d1a50108 [0x000001f7d1a4f9e0+0x0000000000000728]
J 13848 c1 javax.swing.JComponent.paintToOffscreen(Ljava/awt/Graphics;IIIIII)V java.desktop@9.0.4 (108 bytes) @ 0x000001f7cb5677a4 [0x000001f7cb567460+0x0000000000000344]
J 13832 c1 javax.swing.RepaintManager$PaintManager.paintDoubleBufferedImpl(Ljavax/swing/JComponent;Ljava/awt/Image;Ljava/awt/Graphics;IIII)V java.desktop@9.0.4 (294 bytes) @ 0x000001f7cb552e64 [0x000001f7cb552740+0x0000000000000724]
J 13456 c1 javax.swing.RepaintManager$PaintManager.paintDoubleBuffered(Ljavax/swing/JComponent;Ljava/awt/Image;Ljava/awt/Graphics;IIII)V java.desktop@9.0.4 (50 bytes) @ 0x000001f7ca65f504 [0x000001f7ca65f280+0x0000000000000284]
J 9018 c1 javax.swing.RepaintManager$PaintManager.paint(Ljavax/swing/JComponent;Ljavax/swing/JComponent;Ljava/awt/Graphics;IIII)Z java.desktop@9.0.4 (201 bytes) @ 0x000001f7ca8c91f4 [0x000001f7ca8c8500+0x0000000000000cf4]
J 13483 c1 javax.swing.RepaintManager.paint(Ljavax/swing/JComponent;Ljavax/swing/JComponent;Ljava/awt/Graphics;IIII)V java.desktop@9.0.4 (93 bytes) @ 0x000001f7cb3d7de4 [0x000001f7cb3d7920+0x00000000000004c4]
J 18862 c1 javax.swing.JComponent._paintImmediately(IIII)V java.desktop@9.0.4 (891 bytes) @ 0x000001f7caf78fbc [0x000001f7caf75b00+0x00000000000034bc]
J 14788 c1 javax.swing.JComponent.paintImmediately(IIII)V java.desktop@9.0.4 (155 bytes) @ 0x000001f7ca3445fc [0x000001f7ca343c40+0x00000000000009bc]
J 14233 c1 javax.swing.RepaintManager$4.run()Ljava/lang/Void; java.desktop@9.0.4 (278 bytes) @ 0x000001f7c96e10ec [0x000001f7c96e0a40+0x00000000000006ac]
J 13069 c1 javax.swing.RepaintManager$4.run()Ljava/lang/Object; java.desktop@9.0.4 (5 bytes) @ 0x000001f7cb356bc4 [0x000001f7cb356b40+0x0000000000000084]
v  ~StubRoutines::call_stub
J 4333  java.security.AccessController.doPrivileged(Ljava/security/PrivilegedAction;Ljava/security/AccessControlContext;)Ljava/lang/Object; java.base@9.0.4 (0 bytes) @ 0x000001f7d0bb7cc6 [0x000001f7d0bb7c60+0x0000000000000066]
J 15422 c1 javax.swing.RepaintManager.paintDirtyRegions(Ljava/util/Map;)V java.desktop@9.0.4 (196 bytes) @ 0x000001f7c9ceb974 [0x000001f7c9cea300+0x0000000000001674]
J 13773 c1 javax.swing.RepaintManager.paintDirtyRegions()V java.desktop@9.0.4 (50 bytes) @ 0x000001f7cb4e3484 [0x000001f7cb4e31e0+0x00000000000002a4]
J 13772 c1 javax.swing.RepaintManager.prePaintDirtyRegions()V java.desktop@9.0.4 (91 bytes) @ 0x000001f7cb4e2a6c [0x000001f7cb4e2460+0x000000000000060c]
J 12972 c1 javax.swing.RepaintManager$ProcessingRunnable.run()V java.desktop@9.0.4 (41 bytes) @ 0x000001f7cb314344 [0x000001f7cb314100+0x0000000000000244]
J 13947 c2 java.awt.EventQueue$3.run()Ljava/lang/Object; java.desktop@9.0.4 (5 bytes) @ 0x000001f7d144f94c [0x000001f7d144f400+0x000000000000054c]
v  ~StubRoutines::call_stub
J 4333  java.security.AccessController.doPrivileged(Ljava/security/PrivilegedAction;Ljava/security/AccessControlContext;)Ljava/lang/Object; java.base@9.0.4 (0 bytes) @ 0x000001f7d0bb7cc6 [0x000001f7d0bb7c60+0x0000000000000066]
J 16189 c2 ui.frmwork.b.d.dispatchEvent(Ljava/awt/AWTEvent;)V (34 bytes) @ 0x000001f7d17ba4dc [0x000001f7d17ba100+0x00000000000003dc]
J 17411 c2 java.awt.EventDispatchThread.pumpOneEventForFilters(I)V java.desktop@9.0.4 (218 bytes) @ 0x000001f7d190eb2c [0x000001f7d190e880+0x00000000000002ac]
j  java.awt.EventDispatchThread.pumpEventsForFilter(ILjava/awt/Conditional;Ljava/awt/EventFilter;)V+35 java.desktop@9.0.4
j  java.awt.EventDispatchThread.pumpEventsForHierarchy(ILjava/awt/Conditional;Ljava/awt/Component;)V+11 java.desktop@9.0.4
j  java.awt.EventDispatchThread.pumpEvents(ILjava/awt/Conditional;)V+4 java.desktop@9.0.4
j  java.awt.EventDispatchThread.pumpEvents(Ljava/awt/Conditional;)V+3 java.desktop@9.0.4
j  java.awt.EventDispatchThread.run()V+9 java.desktop@9.0.4
v  ~StubRoutines::call_stub

siginfo: EXCEPTION_ACCESS_VIOLATION (0xc0000005), reading address 0x00007ffe00000062


Register to memory mapping:

RIP=0x00007ffedd774dad librdi_filemgmt.dll
RAX=0x00007ffe0000000a is an unknown value
RBX=0x0000000000000387 is an unknown value
RCX=0x000001f7e7ca0cc0 is an unknown value
RDX=0x00000015966f83e0 is pointing into the stack for thread: 0x000001f7e1d9d800
RSP=0x00000015966f82d0 is pointing into the stack for thread: 0x000001f7e1d9d800
RBP=0x00000015966f83f0 is pointing into the stack for thread: 0x000001f7e1d9d800
RSI=0x000001f7e7ca0cc0 is an unknown value
RDI=0x000001f7f4e8f7d0 is pointing into metadata
R8 =0x000001f7e7ca0cc0 is an unknown value
R9 =0x0000000000000001 is an unknown value
R10=0x00007ffedd774d80 librdi_filemgmt.dll
R11=0x00000000000003e0 is an unknown value
R12=0x0000000000000000 is an unknown value
R13=0x00000015966f8880 is pointing into the stack for thread: 0x000001f7e1d9d800
R14=0x00000015966f83e0 is pointing into the stack for thread: 0x000001f7e1d9d800
R15=0x000001f7e1d9d800 is a thread


Registers:
RAX=0x00007ffe0000000a, RBX=0x0000000000000387, RCX=0x000001f7e7ca0cc0, RDX=0x00000015966f83e0
RSP=0x00000015966f82d0, RBP=0x00000015966f83f0, RSI=0x000001f7e7ca0cc0, RDI=0x000001f7f4e8f7d0
R8 =0x000001f7e7ca0cc0, R9 =0x0000000000000001, R10=0x00007ffedd774d80, R11=0x00000000000003e0
R12=0x0000000000000000, R13=0x00000015966f8880, R14=0x00000015966f83e0, R15=0x000001f7e1d9d800
RIP=0x00007ffedd774dad, EFLAGS=0x0000000000010206

Top of Stack: (sp=0x00000015966f82d0)
0x00000015966f82d0:   0000000000000000 00007ffec96d7838
0x00000015966f82e0:   00000007016aaeb8 0000000300000000
0x00000015966f82f0:   000001f7e1d9da18 fffffffffffffffe
0x00000015966f8300:   00000007017a86d0 000001f7d0cc4f44
0x00000015966f8310:   00000007017a86d0 00000007016aaeb8
0x00000015966f8320:   0000000000000000 00000007016aaeb8
0x00000015966f8330:   0000000000000000 000000070c2c2b30
0x00000015966f8340:   0000000701a895e0 0000000000000000
0x00000015966f8350:   0000000000000000 0000000702a8cb88
0x00000015966f8360:   0000000702a8cb88 0000000702a8c728
0x00000015966f8370:   0000000702a8c940 000069509d32faa5
0x00000015966f8380:   0000000703fbcc60 000001f7d106203a
0x00000015966f8390:   0000000e0000000d ffffffff00000000
0x00000015966f83a0:   0000000701a89578 0000000701a895e0
0x00000015966f83b0:   00000000e0551a20 000001f7d0f26b0c
0x00000015966f83c0:   000000070c2c2b30 0000000701684080 

Instructions: (pc=0x00007ffedd774dad)
0x00007ffedd774d8d:   ff ff ff 48 8b 05 59 37 4a 00 48 33 c4 48 89 84
0x00007ffedd774d9d:   24 a8 00 00 00 48 89 4c 24 20 49 8b 00 49 8b c8
0x00007ffedd774dad:   ff 50 58 90 eb 02 32 c0 48 8b 8c 24 a8 00 00 00
0x00007ffedd774dbd:   48 33 cc e8 7b f2 18 00 48 81 c4 b8 00 00 00 c3 



---------------  P R O C E S S  ---------------

Java Threads: ( => current thread )
  0x000001f7befae000 JavaThread "Image Fetcher 3" daemon [_thread_blocked, id=8548, stack(0x000000159ab00000,0x000000159b000000)]
  0x000001f7e7eb5800 JavaThread "SyntheticaAnimation 50" daemon [_thread_blocked, id=1148, stack(0x000000159a600000,0x000000159ab00000)]
  0x000001f7e7eb7000 JavaThread "Monitor File Timestamp Swing Worker" [_thread_in_native, id=732, stack(0x0000001599700000,0x0000001599c00000)]
  0x000001f7e7eae000 JavaThread "Timer-0" [_thread_blocked, id=10944, stack(0x0000001597900000,0x0000001597e00000)]
  0x000001f7e7eb5000 JavaThread "Update Runs Swing Worker" [_thread_blocked, id=10068, stack(0x000000159a100000,0x000000159a600000)]
  0x000001f7e7eb2800 JavaThread "hw_ila_monitor" [_thread_blocked, id=1328, stack(0x0000001596700000,0x0000001596c00000)]
  0x000001f7e7ead800 JavaThread "Refresh Filesets Swing Worker" [_thread_blocked, id=10828, stack(0x0000001595300000,0x0000001595800000)]
  0x000001f7e7eb4000 JavaThread "SyntheticaAnimation 70" daemon [_thread_blocked, id=11048, stack(0x0000001599c00000,0x000000159a100000)]
  0x000001f7e7eb2000 JavaThread "SyntheticaAnimation 25" daemon [_thread_blocked, id=7008, stack(0x0000001599200000,0x0000001599700000)]
  0x000001f7befb0000 JavaThread "SyntheticaAnimation 50" daemon [_thread_blocked, id=9464, stack(0x0000001598d00000,0x0000001599200000)]
  0x000001f7befae800 JavaThread "Monitor HEventQueue" [_thread_blocked, id=2480, stack(0x0000001598800000,0x0000001598d00000)]
  0x000001f7befaf800 JavaThread "SyntheticaCleanerThread" daemon [_thread_blocked, id=10672, stack(0x0000001596c00000,0x0000001597100000)]
  0x000001f7befaa000 JavaThread "Batik CleanerThread" daemon [_thread_blocked, id=10332, stack(0x0000001595800000,0x0000001595d00000)]
=>0x000001f7e1d9d800 JavaThread "AWT-EventQueue-1" [_thread_in_native, id=6596, stack(0x0000001596200000,0x0000001596700000)]
  0x000001f7e1c64000 JavaThread "Process Messages" [_thread_blocked, id=7912, stack(0x0000001595d00000,0x0000001596200000)]
  0x000001f7e30da800 JavaThread "Thread-1" [_thread_in_native, id=5812, stack(0x000000158f500000,0x0000001590900000)]
  0x000001f7e1bd9800 JavaThread "TimerQueue" daemon [_thread_blocked, id=6192, stack(0x0000001594e00000,0x0000001595300000)]
  0x000001f7e18d9800 JavaThread "AWT-Windows" daemon [_thread_in_native, id=10616, stack(0x0000001594900000,0x0000001594e00000)]
  0x000001f7e13a3800 JavaThread "AWT-Shutdown" [_thread_blocked, id=7508, stack(0x0000001594400000,0x0000001594900000)]
  0x000001f7e13b8000 JavaThread "Java2D Disposer" daemon [_thread_blocked, id=10152, stack(0x0000001593f00000,0x0000001594400000)]
  0x000001f7bf36c800 JavaThread "Service Thread" daemon [_thread_blocked, id=8240, stack(0x0000001593900000,0x0000001593e00000)]
  0x000001f7c05bc800 JavaThread "Common-Cleaner" daemon [_thread_blocked, id=10764, stack(0x0000001593400000,0x0000001593900000)]
  0x000001f7befab000 JavaThread "Sweeper thread" daemon [_thread_blocked, id=224, stack(0x0000001592f00000,0x0000001593400000)]
  0x000001f7bb7c2000 JavaThread "C1 CompilerThread2" daemon [_thread_blocked, id=10252, stack(0x0000001592e00000,0x0000001592f00000)]
  0x000001f7bf002800 JavaThread "C2 CompilerThread1" daemon [_thread_blocked, id=7800, stack(0x0000001592d00000,0x0000001592e00000)]
  0x000001f7bf001800 JavaThread "C2 CompilerThread0" daemon [_thread_blocked, id=7256, stack(0x0000001592c00000,0x0000001592d00000)]
  0x000001f7bb8c0800 JavaThread "Attach Listener" daemon [_thread_blocked, id=6768, stack(0x0000001592700000,0x0000001592c00000)]
  0x000001f7bb8bf800 JavaThread "Signal Dispatcher" daemon [_thread_blocked, id=11080, stack(0x0000001592200000,0x0000001592700000)]
  0x000001f7c1b36000 JavaThread "Finalizer" daemon [_thread_blocked, id=10940, stack(0x0000001591d00000,0x0000001592200000)]
  0x000001f7bfdd9000 JavaThread "Reference Handler" daemon [_thread_blocked, id=7440, stack(0x0000001591800000,0x0000001591d00000)]
  0x000001f7c17a3800 JavaThread "main" [_thread_blocked, id=8908, stack(0x000000158f400000,0x000000158f500000)]

Other Threads:
  0x000001f7c177e800 VMThread "VM Thread" [stack: 0x0000001591700000,0x0000001591800000] [id=8356]
  0x000001f7bd691800 WatcherThread [stack: 0x0000001593e00000,0x0000001593f00000] [id=10684]
  0x000001f7b7cfd800 GCTaskThread "GC Thread#0" [stack: 0x0000001590c00000,0x0000001590d00000] [id=8032]
  0x000001f7c0d97800 GCTaskThread "GC Thread#1" [stack: 0x0000001590d00000,0x0000001590e00000] [id=828]
  0x000001f7c0d96800 GCTaskThread "GC Thread#2" [stack: 0x0000001590e00000,0x0000001590f00000] [id=9812]
  0x000001f7c0d98000 GCTaskThread "GC Thread#3" [stack: 0x0000001590f00000,0x0000001591000000] [id=2428]
  0x000001f7c05ab000 ConcurrentGCThread "G1 Main Marker" [stack: 0x0000001591500000,0x0000001591600000] [id=3364]
  0x000001f7c0d99000 ConcurrentGCThread "G1 Marker#0" [stack: 0x0000001591600000,0x0000001591700000] [id=6028]
  0x000001f7be1e5800 ConcurrentGCThread "G1 Refine#0" [stack: 0x0000001591300000,0x0000001591400000] [id=7060]
  0x000001f7bdeec000 ConcurrentGCThread "G1 Refine#1" [stack: 0x0000001591200000,0x0000001591300000] [id=8540]
  0x000001f7c0829000 ConcurrentGCThread "G1 Refine#2" [stack: 0x0000001591100000,0x0000001591200000] [id=1824]
  0x000001f7bd7e7800 ConcurrentGCThread "G1 Refine#3" [stack: 0x0000001591000000,0x0000001591100000] [id=5800]
  0x000001f7be1e6800 ConcurrentGCThread "G1 Young RemSet Sampling" [stack: 0x0000001591400000,0x0000001591500000] [id=1204]

Threads with active compile tasks:

VM state:not at safepoint (normal execution)

VM Mutex/Monitor currently owned by a thread: None

Heap address: 0x0000000700000000, size: 3072 MB, Compressed Oops mode: Zero based, Oop shift amount: 3
Narrow klass base: 0x0000000000000000, Narrow klass shift: 3
Compressed class space size: 1073741824 Address: 0x00000007c0000000

Heap:
 garbage-first heap   total 209920K, used 109047K [0x0000000700000000, 0x0000000700100668, 0x00000007c0000000)
  region size 1024K, 19 young (19456K), 7 survivors (7168K)
 Metaspace       used 79536K, capacity 85029K, committed 85224K, reserved 1122304K
  class space    used 10771K, capacity 11747K, committed 11796K, reserved 1048576K
Heap Regions: E=young(eden), S=young(survivor), O=old, HS=humongous(starts), HC=humongous(continues), CS=collection set, F=free, A=archive, TS=gc time stamp, AC=allocation context, TAMS=top-at-mark-start (previous, next)
|   0|0x0000000700000000, 0x00000007000ff600, 0x0000000700100000| 99%| O|  |TS  0|AC  0|TAMS 0x00000007000ff600, 0x00000007000ff600|
|   1|0x0000000700100000, 0x0000000700200000, 0x0000000700200000|100%|HS|  |TS  0|AC  0|TAMS 0x0000000700200000, 0x0000000700200000|
|   2|0x0000000700200000, 0x0000000700300000, 0x0000000700300000|100%|HC|  |TS  0|AC  0|TAMS 0x0000000700300000, 0x0000000700300000|
|   3|0x0000000700300000, 0x0000000700400000, 0x0000000700400000|100%|HS|  |TS  0|AC  0|TAMS 0x0000000700400000, 0x0000000700400000|
|   4|0x0000000700400000, 0x00000007004eb108, 0x0000000700500000| 91%| O|  |TS  0|AC  0|TAMS 0x00000007004eb108, 0x00000007004eb108|
|   5|0x0000000700500000, 0x00000007005ffc98, 0x0000000700600000| 99%| O|  |TS  0|AC  0|TAMS 0x00000007005ffc98, 0x00000007005ffc98|
|   6|0x0000000700600000, 0x00000007006ffff0, 0x0000000700700000| 99%| O|  |TS  0|AC  0|TAMS 0x00000007006ffff0, 0x00000007006ffff0|
|   7|0x0000000700700000, 0x00000007007ffff8, 0x0000000700800000| 99%| O|  |TS  0|AC  0|TAMS 0x00000007007ffff8, 0x00000007007ffff8|
|   8|0x0000000700800000, 0x0000000700900000, 0x0000000700900000|100%| O|  |TS  0|AC  0|TAMS 0x0000000700900000, 0x0000000700900000|
|   9|0x0000000700900000, 0x00000007009ffff0, 0x0000000700a00000| 99%| O|  |TS  0|AC  0|TAMS 0x00000007009ffff0, 0x00000007009ffff0|
|  10|0x0000000700a00000, 0x0000000700affff8, 0x0000000700b00000| 99%| O|  |TS  0|AC  0|TAMS 0x0000000700affff8, 0x0000000700affff8|
|  11|0x0000000700b00000, 0x0000000700bf4ff0, 0x0000000700c00000| 95%| O|  |TS  0|AC  0|TAMS 0x0000000700bf4ff0, 0x0000000700bf4ff0|
|  12|0x0000000700c00000, 0x0000000700cfffe0, 0x0000000700d00000| 99%| O|  |TS  0|AC  0|TAMS 0x0000000700cfffe0, 0x0000000700cfffe0|
|  13|0x0000000700d00000, 0x0000000700de9b68, 0x0000000700e00000| 91%| O|  |TS  0|AC  0|TAMS 0x0000000700de9b68, 0x0000000700de9b68|
|  14|0x0000000700e00000, 0x0000000700eff268, 0x0000000700f00000| 99%| O|  |TS  0|AC  0|TAMS 0x0000000700eff268, 0x0000000700eff268|
|  15|0x0000000700f00000, 0x0000000700ff2248, 0x0000000701000000| 94%| O|  |TS  0|AC  0|TAMS 0x0000000700ff2248, 0x0000000700ff2248|
|  16|0x0000000701000000, 0x00000007010ffff0, 0x0000000701100000| 99%| O|  |TS  0|AC  0|TAMS 0x00000007010ffff0, 0x00000007010ffff0|
|  17|0x0000000701100000, 0x00000007011fffe0, 0x0000000701200000| 99%| O|  |TS  0|AC  0|TAMS 0x00000007011fffe0, 0x00000007011fffe0|
|  18|0x0000000701200000, 0x00000007012fffe8, 0x0000000701300000| 99%| O|  |TS  0|AC  0|TAMS 0x00000007012fffe8, 0x00000007012fffe8|
|  19|0x0000000701300000, 0x00000007013ef498, 0x0000000701400000| 93%| O|  |TS  0|AC  0|TAMS 0x00000007013ef498, 0x00000007013ef498|
|  20|0x0000000701400000, 0x00000007014fffd8, 0x0000000701500000| 99%| O|  |TS  0|AC  0|TAMS 0x00000007014fffd8, 0x00000007014fffd8|
|  21|0x0000000701500000, 0x00000007015fffa0, 0x0000000701600000| 99%| O|  |TS  0|AC  0|TAMS 0x00000007015fffa0, 0x00000007015fffa0|
|  22|0x0000000701600000, 0x00000007016fff58, 0x0000000701700000| 99%| O|  |TS  0|AC  0|TAMS 0x00000007016fff58, 0x00000007016fff58|
|  23|0x0000000701700000, 0x00000007017ffff0, 0x0000000701800000| 99%| O|  |TS  0|AC  0|TAMS 0x00000007017ffff0, 0x00000007017ffff0|
|  24|0x0000000701800000, 0x00000007018ffff8, 0x0000000701900000| 99%| O|  |TS  0|AC  0|TAMS 0x00000007018ffff8, 0x00000007018ffff8|
|  25|0x0000000701900000, 0x00000007019ffff0, 0x0000000701a00000| 99%| O|  |TS  0|AC  0|TAMS 0x00000007019ffff0, 0x00000007019ffff0|
|  26|0x0000000701a00000, 0x0000000701affff0, 0x0000000701b00000| 99%| O|  |TS  0|AC  0|TAMS 0x0000000701affff0, 0x0000000701affff0|
|  27|0x0000000701b00000, 0x0000000701c00000, 0x0000000701c00000|100%| O|  |TS  0|AC  0|TAMS 0x0000000701c00000, 0x0000000701c00000|
|  28|0x0000000701c00000, 0x0000000701cffd60, 0x0000000701d00000| 99%| O|  |TS  0|AC  0|TAMS 0x0000000701cffd60, 0x0000000701cffd60|
|  29|0x0000000701d00000, 0x0000000701dfffa8, 0x0000000701e00000| 99%| O|  |TS  0|AC  0|TAMS 0x0000000701dfffa8, 0x0000000701dfffa8|
|  30|0x0000000701e00000, 0x0000000701f00000, 0x0000000701f00000|100%| O|  |TS  0|AC  0|TAMS 0x0000000701f00000, 0x0000000701f00000|
|  31|0x0000000701f00000, 0x0000000701fffff8, 0x0000000702000000| 99%| O|  |TS  0|AC  0|TAMS 0x0000000701fffff8, 0x0000000701fffff8|
|  32|0x0000000702000000, 0x00000007020fffe8, 0x0000000702100000| 99%| O|  |TS  0|AC  0|TAMS 0x00000007020fffe8, 0x00000007020fffe8|
|  33|0x0000000702100000, 0x0000000702200000, 0x0000000702200000|100%| O|  |TS  0|AC  0|TAMS 0x0000000702200000, 0x0000000702200000|
|  34|0x0000000702200000, 0x00000007022fffe0, 0x0000000702300000| 99%| O|  |TS  0|AC  0|TAMS 0x00000007022fffe0, 0x00000007022fffe0|
|  35|0x0000000702300000, 0x0000000702400000, 0x0000000702400000|100%| O|  |TS  0|AC  0|TAMS 0x0000000702400000, 0x0000000702400000|
|  36|0x0000000702400000, 0x00000007024ffff8, 0x0000000702500000| 99%| O|  |TS  0|AC  0|TAMS 0x00000007024ffff8, 0x00000007024ffff8|
|  37|0x0000000702500000, 0x00000007025fff68, 0x0000000702600000| 99%| O|  |TS  0|AC  0|TAMS 0x00000007025fff68, 0x00000007025fff68|
|  38|0x0000000702600000, 0x00000007026fffe8, 0x0000000702700000| 99%| O|  |TS  0|AC  0|TAMS 0x00000007026fffe8, 0x00000007026fffe8|
|  39|0x0000000702700000, 0x00000007027fffe8, 0x0000000702800000| 99%| O|  |TS  0|AC  0|TAMS 0x00000007027fffe8, 0x00000007027fffe8|
|  40|0x0000000702800000, 0x00000007028ffff0, 0x0000000702900000| 99%| O|  |TS  0|AC  0|TAMS 0x00000007028ffff0, 0x00000007028ffff0|
|  41|0x0000000702900000, 0x00000007029ffff0, 0x0000000702a00000| 99%| O|  |TS  0|AC  0|TAMS 0x00000007029ffff0, 0x00000007029ffff0|
|  42|0x0000000702a00000, 0x0000000702affe10, 0x0000000702b00000| 99%| O|  |TS  0|AC  0|TAMS 0x0000000702affe10, 0x0000000702affe10|
|  43|0x0000000702b00000, 0x0000000702bffff8, 0x0000000702c00000| 99%| O|  |TS  0|AC  0|TAMS 0x0000000702bffff8, 0x0000000702bffff8|
|  44|0x0000000702c00000, 0x0000000702cffff8, 0x0000000702d00000| 99%| O|  |TS  0|AC  0|TAMS 0x0000000702cffff8, 0x0000000702cffff8|
|  45|0x0000000702d00000, 0x0000000702d00000, 0x0000000702e00000|  0%| F|  |TS  0|AC  0|TAMS 0x0000000702d00000, 0x0000000702d00000|
|  46|0x0000000702e00000, 0x0000000702e00000, 0x0000000702f00000|  0%| F|  |TS  0|AC  0|TAMS 0x0000000702e00000, 0x0000000702e00000|
|  47|0x0000000702f00000, 0x0000000702ffffe8, 0x0000000703000000| 99%| O|  |TS  0|AC  0|TAMS 0x0000000702ffffe8, 0x0000000702ffffe8|
|  48|0x0000000703000000, 0x0000000703000000, 0x0000000703100000|  0%| F|  |TS  0|AC  0|TAMS 0x0000000703000000, 0x0000000703000000|
|  49|0x0000000703100000, 0x0000000703200000, 0x0000000703200000|100%|HS|  |TS  0|AC  0|TAMS 0x0000000703200000, 0x0000000703200000|
|  50|0x0000000703200000, 0x0000000703300000, 0x0000000703300000|100%|HC|  |TS  0|AC  0|TAMS 0x0000000703300000, 0x0000000703300000|
|  51|0x0000000703300000, 0x0000000703400000, 0x0000000703400000|100%|HC|  |TS  0|AC  0|TAMS 0x0000000703400000, 0x0000000703400000|
|  52|0x0000000703400000, 0x0000000703500000, 0x0000000703500000|100%|HC|  |TS  0|AC  0|TAMS 0x0000000703500000, 0x0000000703500000|
|  53|0x0000000703500000, 0x0000000703600000, 0x0000000703600000|100%|HC|  |TS  0|AC  0|TAMS 0x0000000703600000, 0x0000000703600000|
|  54|0x0000000703600000, 0x0000000703700000, 0x0000000703700000|100%|HC|  |TS  0|AC  0|TAMS 0x0000000703700000, 0x0000000703700000|
|  55|0x0000000703700000, 0x0000000703800000, 0x0000000703800000|100%|HC|  |TS  0|AC  0|TAMS 0x0000000703800000, 0x0000000703800000|
|  56|0x0000000703800000, 0x0000000703900000, 0x0000000703900000|100%|HC|  |TS  0|AC  0|TAMS 0x0000000703900000, 0x0000000703900000|
|  57|0x0000000703900000, 0x00000007039fffe8, 0x0000000703a00000| 99%| O|  |TS  0|AC  0|TAMS 0x00000007039fffe8, 0x00000007039fffe8|
|  58|0x0000000703a00000, 0x0000000703b00000, 0x0000000703b00000|100%| O|  |TS  0|AC  0|TAMS 0x0000000703b00000, 0x0000000703b00000|
|  59|0x0000000703b00000, 0x0000000703bffff8, 0x0000000703c00000| 99%| O|  |TS  0|AC  0|TAMS 0x0000000703bffff8, 0x0000000703bffff8|
|  60|0x0000000703c00000, 0x0000000703cffff8, 0x0000000703d00000| 99%| O|  |TS  0|AC  0|TAMS 0x0000000703cffff8, 0x0000000703cffff8|
|  61|0x0000000703d00000, 0x0000000703d9a2a0, 0x0000000703e00000| 60%| O|  |TS  0|AC  0|TAMS 0x0000000703d9a2a0, 0x0000000703d9a2a0|
|  62|0x0000000703e00000, 0x0000000703f00000, 0x0000000703f00000|100%| O|  |TS  0|AC  0|TAMS 0x0000000703f00000, 0x0000000703f00000|
|  63|0x0000000703f00000, 0x0000000704000000, 0x0000000704000000|100%| O|  |TS  0|AC  0|TAMS 0x0000000704000000, 0x0000000704000000|
|  64|0x0000000704000000, 0x0000000704100000, 0x0000000704100000|100%| O|  |TS  0|AC  0|TAMS 0x0000000704100000, 0x0000000704100000|
|  65|0x0000000704100000, 0x0000000704200000, 0x0000000704200000|100%| O|  |TS  0|AC  0|TAMS 0x0000000704200000, 0x0000000704200000|
|  66|0x0000000704200000, 0x0000000704300000, 0x0000000704300000|100%| O|  |TS  0|AC  0|TAMS 0x0000000704300000, 0x0000000704300000|
|  67|0x0000000704300000, 0x0000000704300000, 0x0000000704400000|  0%| F|  |TS  3|AC  0|TAMS 0x0000000704300000, 0x0000000704300000|
|  68|0x0000000704400000, 0x0000000704500000, 0x0000000704500000|100%| O|  |TS  0|AC  0|TAMS 0x0000000704500000, 0x0000000704500000|
|  69|0x0000000704500000, 0x0000000704600000, 0x0000000704600000|100%| O|  |TS  0|AC  0|TAMS 0x0000000704600000, 0x0000000704600000|
|  70|0x0000000704600000, 0x0000000704700000, 0x0000000704700000|100%| O|  |TS  0|AC  0|TAMS 0x0000000704700000, 0x0000000704700000|
|  71|0x0000000704700000, 0x0000000704800000, 0x0000000704800000|100%| O|  |TS  0|AC  0|TAMS 0x0000000704800000, 0x0000000704800000|
|  72|0x0000000704800000, 0x0000000704900000, 0x0000000704900000|100%| O|  |TS  0|AC  0|TAMS 0x0000000704900000, 0x0000000704900000|
|  73|0x0000000704900000, 0x0000000704a00000, 0x0000000704a00000|100%| O|  |TS  0|AC  0|TAMS 0x0000000704a00000, 0x0000000704a00000|
|  74|0x0000000704a00000, 0x0000000704b00000, 0x0000000704b00000|100%| O|  |TS  0|AC  0|TAMS 0x0000000704b00000, 0x0000000704b00000|
|  75|0x0000000704b00000, 0x0000000704c00000, 0x0000000704c00000|100%| O|  |TS  0|AC  0|TAMS 0x0000000704c00000, 0x0000000704c00000|
|  76|0x0000000704c00000, 0x0000000704d00000, 0x0000000704d00000|100%| O|  |TS  0|AC  0|TAMS 0x0000000704d00000, 0x0000000704d00000|
|  77|0x0000000704d00000, 0x0000000704d9e600, 0x0000000704e00000| 61%| O|  |TS 21|AC  0|TAMS 0x0000000704d90600, 0x0000000704d90600|
|  78|0x0000000704e00000, 0x0000000704f00000, 0x0000000704f00000|100%|HS|  |TS  0|AC  0|TAMS 0x0000000704f00000, 0x0000000704f00000|
|  79|0x0000000704f00000, 0x0000000705000000, 0x0000000705000000|100%|HC|  |TS  0|AC  0|TAMS 0x0000000705000000, 0x0000000705000000|
|  80|0x0000000705000000, 0x0000000705100000, 0x0000000705100000|100%|HC|  |TS  0|AC  0|TAMS 0x0000000705100000, 0x0000000705100000|
|  81|0x0000000705100000, 0x0000000705200000, 0x0000000705200000|100%|HC|  |TS  0|AC  0|TAMS 0x0000000705200000, 0x0000000705200000|
|  82|0x0000000705200000, 0x0000000705300000, 0x0000000705300000|100%|HC|  |TS  0|AC  0|TAMS 0x0000000705300000, 0x0000000705300000|
|  83|0x0000000705300000, 0x0000000705400000, 0x0000000705400000|100%|HC|  |TS  0|AC  0|TAMS 0x0000000705400000, 0x0000000705400000|
|  84|0x0000000705400000, 0x0000000705500000, 0x0000000705500000|100%|HC|  |TS  0|AC  0|TAMS 0x0000000705500000, 0x0000000705500000|
|  85|0x0000000705500000, 0x0000000705600000, 0x0000000705600000|100%|HC|  |TS  0|AC  0|TAMS 0x0000000705600000, 0x0000000705600000|
|  86|0x0000000705600000, 0x0000000705700000, 0x0000000705700000|100%|HS|  |TS  0|AC  0|TAMS 0x0000000705600000, 0x0000000705600000|
|  87|0x0000000705700000, 0x0000000705800000, 0x0000000705800000|100%|HC|  |TS  0|AC  0|TAMS 0x0000000705700000, 0x0000000705700000|
|  88|0x0000000705800000, 0x0000000705900000, 0x0000000705900000|100%|HC|  |TS  0|AC  0|TAMS 0x0000000705800000, 0x0000000705800000|
|  89|0x0000000705900000, 0x0000000705a00000, 0x0000000705a00000|100%|HC|  |TS  0|AC  0|TAMS 0x0000000705900000, 0x0000000705900000|
|  90|0x0000000705a00000, 0x0000000705b00000, 0x0000000705b00000|100%|HC|  |TS  0|AC  0|TAMS 0x0000000705a00000, 0x0000000705a00000|
|  91|0x0000000705b00000, 0x0000000705c00000, 0x0000000705c00000|100%|HC|  |TS  0|AC  0|TAMS 0x0000000705b00000, 0x0000000705b00000|
|  92|0x0000000705c00000, 0x0000000705d00000, 0x0000000705d00000|100%|HC|  |TS  0|AC  0|TAMS 0x0000000705c00000, 0x0000000705c00000|
|  93|0x0000000705d00000, 0x0000000705e00000, 0x0000000705e00000|100%|HC|  |TS  0|AC  0|TAMS 0x0000000705d00000, 0x0000000705d00000|
|  94|0x0000000705e00000, 0x0000000705e00000, 0x0000000705f00000|  0%| F|  |TS  0|AC  0|TAMS 0x0000000705e00000, 0x0000000705e00000|
|  95|0x0000000705f00000, 0x0000000705f00000, 0x0000000706000000|  0%| F|  |TS  0|AC  0|TAMS 0x0000000705f00000, 0x0000000705f00000|
|  96|0x0000000706000000, 0x0000000706000000, 0x0000000706100000|  0%| F|  |TS  0|AC  0|TAMS 0x0000000706000000, 0x0000000706000000|
|  97|0x0000000706100000, 0x0000000706100000, 0x0000000706200000|  0%| F|  |TS  0|AC  0|TAMS 0x0000000706100000, 0x0000000706100000|
|  98|0x0000000706200000, 0x0000000706200000, 0x0000000706300000|  0%| F|  |TS  0|AC  0|TAMS 0x0000000706200000, 0x0000000706200000|
|  99|0x0000000706300000, 0x0000000706300000, 0x0000000706400000|  0%| F|  |TS  0|AC  0|TAMS 0x0000000706300000, 0x0000000706300000|
| 100|0x0000000706400000, 0x0000000706400000, 0x0000000706500000|  0%| F|  |TS  0|AC  0|TAMS 0x0000000706400000, 0x0000000706400000|
| 101|0x0000000706500000, 0x0000000706500000, 0x0000000706600000|  0%| F|  |TS  0|AC  0|TAMS 0x0000000706500000, 0x0000000706500000|
| 102|0x0000000706600000, 0x0000000706600000, 0x0000000706700000|  0%| F|  |TS  0|AC  0|TAMS 0x0000000706600000, 0x0000000706600000|
| 103|0x0000000706700000, 0x0000000706700000, 0x0000000706800000|  0%| F|  |TS  0|AC  0|TAMS 0x0000000706700000, 0x0000000706700000|
| 104|0x0000000706800000, 0x0000000706800000, 0x0000000706900000|  0%| F|  |TS  0|AC  0|TAMS 0x0000000706800000, 0x0000000706800000|
| 105|0x0000000706900000, 0x0000000706900000, 0x0000000706a00000|  0%| F|  |TS  0|AC  0|TAMS 0x0000000706900000, 0x0000000706900000|
| 106|0x0000000706a00000, 0x0000000706a00000, 0x0000000706b00000|  0%| F|  |TS  0|AC  0|TAMS 0x0000000706a00000, 0x0000000706a00000|
| 107|0x0000000706b00000, 0x0000000706b00000, 0x0000000706c00000|  0%| F|  |TS  0|AC  0|TAMS 0x0000000706b00000, 0x0000000706b00000|
| 108|0x0000000706c00000, 0x0000000706c00000, 0x0000000706d00000|  0%| F|  |TS  0|AC  0|TAMS 0x0000000706c00000, 0x0000000706c00000|
| 109|0x0000000706d00000, 0x0000000706d00000, 0x0000000706e00000|  0%| F|  |TS  0|AC  0|TAMS 0x0000000706d00000, 0x0000000706d00000|
| 110|0x0000000706e00000, 0x0000000706e00000, 0x0000000706f00000|  0%| F|  |TS  0|AC  0|TAMS 0x0000000706e00000, 0x0000000706e00000|
| 111|0x0000000706f00000, 0x0000000706f00000, 0x0000000707000000|  0%| F|  |TS  0|AC  0|TAMS 0x0000000706f00000, 0x0000000706f00000|
| 112|0x0000000707000000, 0x0000000707000000, 0x0000000707100000|  0%| F|  |TS  0|AC  0|TAMS 0x0000000707000000, 0x0000000707000000|
| 113|0x0000000707100000, 0x0000000707100000, 0x0000000707200000|  0%| F|  |TS  0|AC  0|TAMS 0x0000000707100000, 0x0000000707100000|
| 114|0x0000000707200000, 0x0000000707200000, 0x0000000707300000|  0%| F|  |TS  0|AC  0|TAMS 0x0000000707200000, 0x0000000707200000|
| 115|0x0000000707300000, 0x0000000707300000, 0x0000000707400000|  0%| F|  |TS  0|AC  0|TAMS 0x0000000707300000, 0x0000000707300000|
| 116|0x0000000707400000, 0x0000000707400000, 0x0000000707500000|  0%| F|  |TS  0|AC  0|TAMS 0x0000000707400000, 0x0000000707400000|
| 117|0x0000000707500000, 0x0000000707500000, 0x0000000707600000|  0%| F|  |TS  0|AC  0|TAMS 0x0000000707500000, 0x0000000707500000|
| 118|0x0000000707600000, 0x0000000707600000, 0x0000000707700000|  0%| F|  |TS  0|AC  0|TAMS 0x0000000707600000, 0x0000000707600000|
| 119|0x0000000707700000, 0x0000000707700000, 0x0000000707800000|  0%| F|  |TS  0|AC  0|TAMS 0x0000000707700000, 0x0000000707700000|
| 120|0x0000000707800000, 0x0000000707800000, 0x0000000707900000|  0%| F|  |TS  0|AC  0|TAMS 0x0000000707800000, 0x0000000707800000|
| 121|0x0000000707900000, 0x0000000707900000, 0x0000000707a00000|  0%| F|  |TS  0|AC  0|TAMS 0x0000000707900000, 0x0000000707900000|
| 122|0x0000000707a00000, 0x0000000707a00000, 0x0000000707b00000|  0%| F|  |TS  0|AC  0|TAMS 0x0000000707a00000, 0x0000000707a00000|
| 123|0x0000000707b00000, 0x0000000707b00000, 0x0000000707c00000|  0%| F|  |TS  0|AC  0|TAMS 0x0000000707b00000, 0x0000000707b00000|
| 124|0x0000000707c00000, 0x0000000707c00000, 0x0000000707d00000|  0%| F|  |TS  0|AC  0|TAMS 0x0000000707c00000, 0x0000000707c00000|
| 125|0x0000000707d00000, 0x0000000707d00000, 0x0000000707e00000|  0%| F|  |TS  0|AC  0|TAMS 0x0000000707d00000, 0x0000000707d00000|
| 126|0x0000000707e00000, 0x0000000707e00000, 0x0000000707f00000|  0%| F|  |TS  0|AC  0|TAMS 0x0000000707e00000, 0x0000000707e00000|
| 127|0x0000000707f00000, 0x0000000707f00000, 0x0000000708000000|  0%| F|  |TS  0|AC  0|TAMS 0x0000000707f00000, 0x0000000707f00000|
| 128|0x0000000708000000, 0x0000000708000000, 0x0000000708100000|  0%| F|  |TS  0|AC  0|TAMS 0x0000000708000000, 0x0000000708000000|
| 129|0x0000000708100000, 0x0000000708100000, 0x0000000708200000|  0%| F|  |TS  0|AC  0|TAMS 0x0000000708100000, 0x0000000708100000|
| 130|0x0000000708200000, 0x0000000708200000, 0x0000000708300000|  0%| F|  |TS  0|AC  0|TAMS 0x0000000708200000, 0x0000000708200000|
| 131|0x0000000708300000, 0x0000000708300000, 0x0000000708400000|  0%| F|  |TS  0|AC  0|TAMS 0x0000000708300000, 0x0000000708300000|
| 132|0x0000000708400000, 0x0000000708400000, 0x0000000708500000|  0%| F|  |TS  0|AC  0|TAMS 0x0000000708400000, 0x0000000708400000|
| 133|0x0000000708500000, 0x0000000708500000, 0x0000000708600000|  0%| F|  |TS  0|AC  0|TAMS 0x0000000708500000, 0x0000000708500000|
| 134|0x0000000708600000, 0x0000000708600000, 0x0000000708700000|  0%| F|  |TS  0|AC  0|TAMS 0x0000000708600000, 0x0000000708600000|
| 135|0x0000000708700000, 0x0000000708700000, 0x0000000708800000|  0%| F|  |TS  0|AC  0|TAMS 0x0000000708700000, 0x0000000708700000|
| 136|0x0000000708800000, 0x0000000708800000, 0x0000000708900000|  0%| F|  |TS  0|AC  0|TAMS 0x0000000708800000, 0x0000000708800000|
| 137|0x0000000708900000, 0x0000000708900000, 0x0000000708a00000|  0%| F|  |TS  0|AC  0|TAMS 0x0000000708900000, 0x0000000708900000|
| 138|0x0000000708a00000, 0x0000000708a9c640, 0x0000000708b00000| 61%| S|CS|TS 21|AC  0|TAMS 0x0000000708a00000, 0x0000000708a00000|
| 139|0x0000000708b00000, 0x0000000708c00000, 0x0000000708c00000|100%| S|CS|TS 21|AC  0|TAMS 0x0000000708b00000, 0x0000000708b00000|
| 140|0x0000000708c00000, 0x0000000708d00000, 0x0000000708d00000|100%| S|CS|TS 21|AC  0|TAMS 0x0000000708c00000, 0x0000000708c00000|
| 141|0x0000000708d00000, 0x0000000708e00000, 0x0000000708e00000|100%| S|CS|TS 21|AC  0|TAMS 0x0000000708d00000, 0x0000000708d00000|
| 142|0x0000000708e00000, 0x0000000708f00000, 0x0000000708f00000|100%| S|CS|TS 21|AC  0|TAMS 0x0000000708e00000, 0x0000000708e00000|
| 143|0x0000000708f00000, 0x0000000709000000, 0x0000000709000000|100%| S|CS|TS 21|AC  0|TAMS 0x0000000708f00000, 0x0000000708f00000|
| 144|0x0000000709000000, 0x0000000709100000, 0x0000000709100000|100%| S|CS|TS 21|AC  0|TAMS 0x0000000709000000, 0x0000000709000000|
| 145|0x0000000709100000, 0x0000000709100000, 0x0000000709200000|  0%| F|  |TS 21|AC  0|TAMS 0x0000000709100000, 0x0000000709100000|
| 146|0x0000000709200000, 0x0000000709200000, 0x0000000709300000|  0%| F|  |TS 21|AC  0|TAMS 0x0000000709200000, 0x0000000709200000|
| 147|0x0000000709300000, 0x0000000709300000, 0x0000000709400000|  0%| F|  |TS 21|AC  0|TAMS 0x0000000709300000, 0x0000000709300000|
| 148|0x0000000709400000, 0x0000000709400000, 0x0000000709500000|  0%| F|  |TS 21|AC  0|TAMS 0x0000000709400000, 0x0000000709400000|
| 149|0x0000000709500000, 0x0000000709500000, 0x0000000709600000|  0%| F|  |TS 21|AC  0|TAMS 0x0000000709500000, 0x0000000709500000|
| 150|0x0000000709600000, 0x0000000709600000, 0x0000000709700000|  0%| F|  |TS 21|AC  0|TAMS 0x0000000709600000, 0x0000000709600000|
| 151|0x0000000709700000, 0x0000000709700000, 0x0000000709800000|  0%| F|  |TS 21|AC  0|TAMS 0x0000000709700000, 0x0000000709700000|
| 152|0x0000000709800000, 0x0000000709800000, 0x0000000709900000|  0%| F|  |TS 21|AC  0|TAMS 0x0000000709800000, 0x0000000709800000|
| 153|0x0000000709900000, 0x0000000709900000, 0x0000000709a00000|  0%| F|  |TS 21|AC  0|TAMS 0x0000000709900000, 0x0000000709900000|
| 154|0x0000000709a00000, 0x0000000709a00000, 0x0000000709b00000|  0%| F|  |TS 21|AC  0|TAMS 0x0000000709a00000, 0x0000000709a00000|
| 155|0x0000000709b00000, 0x0000000709b00000, 0x0000000709c00000|  0%| F|  |TS 21|AC  0|TAMS 0x0000000709b00000, 0x0000000709b00000|
| 156|0x0000000709c00000, 0x0000000709c00000, 0x0000000709d00000|  0%| F|  |TS 21|AC  0|TAMS 0x0000000709c00000, 0x0000000709c00000|
| 157|0x0000000709d00000, 0x0000000709d00000, 0x0000000709e00000|  0%| F|  |TS 21|AC  0|TAMS 0x0000000709d00000, 0x0000000709d00000|
| 158|0x0000000709e00000, 0x0000000709e00000, 0x0000000709f00000|  0%| F|  |TS 21|AC  0|TAMS 0x0000000709e00000, 0x0000000709e00000|
| 159|0x0000000709f00000, 0x0000000709f00000, 0x000000070a000000|  0%| F|  |TS 21|AC  0|TAMS 0x0000000709f00000, 0x0000000709f00000|
| 160|0x000000070a000000, 0x000000070a000000, 0x000000070a100000|  0%| F|  |TS 21|AC  0|TAMS 0x000000070a000000, 0x000000070a000000|
| 161|0x000000070a100000, 0x000000070a100000, 0x000000070a200000|  0%| F|  |TS 21|AC  0|TAMS 0x000000070a100000, 0x000000070a100000|
| 162|0x000000070a200000, 0x000000070a200000, 0x000000070a300000|  0%| F|  |TS 21|AC  0|TAMS 0x000000070a200000, 0x000000070a200000|
| 163|0x000000070a300000, 0x000000070a300000, 0x000000070a400000|  0%| F|  |TS 21|AC  0|TAMS 0x000000070a300000, 0x000000070a300000|
| 164|0x000000070a400000, 0x000000070a400000, 0x000000070a500000|  0%| F|  |TS 21|AC  0|TAMS 0x000000070a400000, 0x000000070a400000|
| 165|0x000000070a500000, 0x000000070a500000, 0x000000070a600000|  0%| F|  |TS 21|AC  0|TAMS 0x000000070a500000, 0x000000070a500000|
| 166|0x000000070a600000, 0x000000070a600000, 0x000000070a700000|  0%| F|  |TS 21|AC  0|TAMS 0x000000070a600000, 0x000000070a600000|
| 167|0x000000070a700000, 0x000000070a700000, 0x000000070a800000|  0%| F|  |TS 21|AC  0|TAMS 0x000000070a700000, 0x000000070a700000|
| 168|0x000000070a800000, 0x000000070a800000, 0x000000070a900000|  0%| F|  |TS 21|AC  0|TAMS 0x000000070a800000, 0x000000070a800000|
| 169|0x000000070a900000, 0x000000070a900000, 0x000000070aa00000|  0%| F|  |TS 21|AC  0|TAMS 0x000000070a900000, 0x000000070a900000|
| 170|0x000000070aa00000, 0x000000070aa00000, 0x000000070ab00000|  0%| F|  |TS 21|AC  0|TAMS 0x000000070aa00000, 0x000000070aa00000|
| 171|0x000000070ab00000, 0x000000070ab00000, 0x000000070ac00000|  0%| F|  |TS 21|AC  0|TAMS 0x000000070ab00000, 0x000000070ab00000|
| 172|0x000000070ac00000, 0x000000070ac00000, 0x000000070ad00000|  0%| F|  |TS 21|AC  0|TAMS 0x000000070ac00000, 0x000000070ac00000|
| 173|0x000000070ad00000, 0x000000070ad00000, 0x000000070ae00000|  0%| F|  |TS 21|AC  0|TAMS 0x000000070ad00000, 0x000000070ad00000|
| 174|0x000000070ae00000, 0x000000070ae00000, 0x000000070af00000|  0%| F|  |TS 21|AC  0|TAMS 0x000000070ae00000, 0x000000070ae00000|
| 175|0x000000070af00000, 0x000000070af00000, 0x000000070b000000|  0%| F|  |TS 21|AC  0|TAMS 0x000000070af00000, 0x000000070af00000|
| 176|0x000000070b000000, 0x000000070b000000, 0x000000070b100000|  0%| F|  |TS 21|AC  0|TAMS 0x000000070b000000, 0x000000070b000000|
| 177|0x000000070b100000, 0x000000070b100000, 0x000000070b200000|  0%| F|  |TS 21|AC  0|TAMS 0x000000070b100000, 0x000000070b100000|
| 178|0x000000070b200000, 0x000000070b200000, 0x000000070b300000|  0%| F|  |TS 21|AC  0|TAMS 0x000000070b200000, 0x000000070b200000|
| 179|0x000000070b300000, 0x000000070b300000, 0x000000070b400000|  0%| F|  |TS 21|AC  0|TAMS 0x000000070b300000, 0x000000070b300000|
| 180|0x000000070b400000, 0x000000070b400000, 0x000000070b500000|  0%| F|  |TS 21|AC  0|TAMS 0x000000070b400000, 0x000000070b400000|
| 181|0x000000070b500000, 0x000000070b500000, 0x000000070b600000|  0%| F|  |TS 21|AC  0|TAMS 0x000000070b500000, 0x000000070b500000|
| 182|0x000000070b600000, 0x000000070b600000, 0x000000070b700000|  0%| F|  |TS 21|AC  0|TAMS 0x000000070b600000, 0x000000070b600000|
| 183|0x000000070b700000, 0x000000070b700000, 0x000000070b800000|  0%| F|  |TS 21|AC  0|TAMS 0x000000070b700000, 0x000000070b700000|
| 184|0x000000070b800000, 0x000000070b800000, 0x000000070b900000|  0%| F|  |TS 21|AC  0|TAMS 0x000000070b800000, 0x000000070b800000|
| 185|0x000000070b900000, 0x000000070b900000, 0x000000070ba00000|  0%| F|  |TS 21|AC  0|TAMS 0x000000070b900000, 0x000000070b900000|
| 186|0x000000070ba00000, 0x000000070ba00000, 0x000000070bb00000|  0%| F|  |TS 21|AC  0|TAMS 0x000000070ba00000, 0x000000070ba00000|
| 187|0x000000070bb00000, 0x000000070bb00000, 0x000000070bc00000|  0%| F|  |TS 21|AC  0|TAMS 0x000000070bb00000, 0x000000070bb00000|
| 188|0x000000070bc00000, 0x000000070bc00000, 0x000000070bd00000|  0%| F|  |TS 21|AC  0|TAMS 0x000000070bc00000, 0x000000070bc00000|
| 189|0x000000070bd00000, 0x000000070bd00000, 0x000000070be00000|  0%| F|  |TS 21|AC  0|TAMS 0x000000070bd00000, 0x000000070bd00000|
| 190|0x000000070be00000, 0x000000070be00000, 0x000000070bf00000|  0%| F|  |TS 21|AC  0|TAMS 0x000000070be00000, 0x000000070be00000|
| 191|0x000000070bf00000, 0x000000070bf00000, 0x000000070c000000|  0%| F|  |TS 21|AC  0|TAMS 0x000000070bf00000, 0x000000070bf00000|
| 192|0x000000070c000000, 0x000000070c000000, 0x000000070c100000|  0%| F|  |TS 21|AC  0|TAMS 0x000000070c000000, 0x000000070c000000|
| 193|0x000000070c100000, 0x000000070c118058, 0x000000070c200000|  9%| E|  |TS 21|AC  0|TAMS 0x000000070c100000, 0x000000070c100000|
| 194|0x000000070c200000, 0x000000070c300000, 0x000000070c300000|100%| E|CS|TS 21|AC  0|TAMS 0x000000070c200000, 0x000000070c200000|
| 195|0x000000070c300000, 0x000000070c400000, 0x000000070c400000|100%| E|CS|TS 21|AC  0|TAMS 0x000000070c300000, 0x000000070c300000|
| 196|0x000000070c400000, 0x000000070c500000, 0x000000070c500000|100%| E|CS|TS 21|AC  0|TAMS 0x000000070c400000, 0x000000070c400000|
| 197|0x000000070c500000, 0x000000070c600000, 0x000000070c600000|100%| E|CS|TS 21|AC  0|TAMS 0x000000070c500000, 0x000000070c500000|
| 198|0x000000070c600000, 0x000000070c700000, 0x000000070c700000|100%| E|CS|TS 21|AC  0|TAMS 0x000000070c600000, 0x000000070c600000|
| 199|0x000000070c700000, 0x000000070c800000, 0x000000070c800000|100%| E|CS|TS 21|AC  0|TAMS 0x000000070c700000, 0x000000070c700000|
| 200|0x000000070c800000, 0x000000070c900000, 0x000000070c900000|100%| E|CS|TS 21|AC  0|TAMS 0x000000070c800000, 0x000000070c800000|
| 201|0x000000070c900000, 0x000000070ca00000, 0x000000070ca00000|100%| E|CS|TS 21|AC  0|TAMS 0x000000070c900000, 0x000000070c900000|
| 202|0x000000070ca00000, 0x000000070cb00000, 0x000000070cb00000|100%| E|CS|TS 21|AC  0|TAMS 0x000000070ca00000, 0x000000070ca00000|
| 203|0x000000070cb00000, 0x000000070cc00000, 0x000000070cc00000|100%| E|CS|TS 21|AC  0|TAMS 0x000000070cb00000, 0x000000070cb00000|
| 204|0x000000070cc00000, 0x000000070cd00000, 0x000000070cd00000|100%| E|CS|TS 21|AC  0|TAMS 0x000000070cc00000, 0x000000070cc00000|

Card table byte_map: [0x000001f7d7ed0000,0x000001f7d84d0000] byte_map_base: 0x000001f7d46d0000

Marking Bits (Prev, Next): (CMBitMap*) 0x000001f7bd7f1198, (CMBitMap*) 0x000001f7bd7f1160
 Prev Bits: [0x000001f7dbad0000, 0x000001f7dead0000)
 Next Bits: [0x000001f7d8ad0000, 0x000001f7dbad0000)

Polling page: 0x000001f7b5e50000

CodeHeap 'non-profiled nmethods': size=120064Kb used=17441Kb max_used=18185Kb free=102622Kb
 bounds [0x000001f7d0990000, 0x000001f7d1b60000, 0x000001f7d7ed0000]
CodeHeap 'profiled nmethods': size=120000Kb used=37455Kb max_used=40142Kb free=82544Kb
 bounds [0x000001f7c9460000, 0x000001f7cbc00000, 0x000001f7d0990000]
CodeHeap 'non-nmethods': size=5696Kb used=1762Kb max_used=1831Kb free=3933Kb
 bounds [0x000001f7c8ed0000, 0x000001f7c9140000, 0x000001f7c9460000]
 total_blobs=27324 nmethods=15138 adapters=1092
 compilation: enabled

Compilation events (10 events):
Event: 264.452 Thread 0x000001f7bb7c2000 nmethod 19150 0x000001f7c9686490 code [0x000001f7c9686680, 0x000001f7c9686d40]
Event: 264.461 Thread 0x000001f7bb7c2000 19151       3       java.util.HashMap::removeNode (291 bytes)
Event: 264.462 Thread 0x000001f7bb7c2000 nmethod 19151 0x000001f7c96fb510 code [0x000001f7c96fb7e0, 0x000001f7c96fce20]
Event: 264.479 Thread 0x000001f7bf002800 nmethod 19138 0x000001f7d0f5e990 code [0x000001f7d0f5ec40, 0x000001f7d0f60a08]
Event: 264.479 Thread 0x000001f7bf002800 19133       4       ui.utils.o.x.H::a (38 bytes)
Event: 264.480 Thread 0x000001f7bf002800 nmethod 19133 0x000001f7d0d4ba90 code [0x000001f7d0d4bc20, 0x000001f7d0d4bcc8]
Event: 264.500 Thread 0x000001f7bf002800 19152   !   4       javax.swing.text.DefaultStyledDocument::setLogicalStyle (129 bytes)
Event: 264.536 Thread 0x000001f7bf002800 nmethod 19152 0x000001f7d1118890 code [0x000001f7d1118b60, 0x000001f7d111ac50]
Event: 264.536 Thread 0x000001f7bf002800 19153       4       java.util.HashMap::values (25 bytes)
Event: 264.537 Thread 0x000001f7bf002800 nmethod 19153 0x000001f7d0d4b690 code [0x000001f7d0d4b820, 0x000001f7d0d4b9d8]

GC Heap History (10 events):
Event: 258.790 GC heap before
{Heap before GC invocations=115 (full 3):
 garbage-first heap   total 209920K, used 151985K [0x0000000700000000, 0x0000000700100668, 0x00000007c0000000)
  region size 1024K, 60 young (61440K), 4 survivors (4096K)
 Metaspace       used 79471K, capacity 85017K, committed 85224K, reserved 1122304K
  class space    used 10770K, capacity 11745K, committed 11796K, reserved 1048576K
}
Event: 258.796 GC heap after
{Heap after GC invocations=116 (full 3):
 garbage-first heap   total 209920K, used 94637K [0x0000000700000000, 0x0000000700100668, 0x00000007c0000000)
  region size 1024K, 4 young (4096K), 4 survivors (4096K)
 Metaspace       used 79471K, capacity 85017K, committed 85224K, reserved 1122304K
  class space    used 10770K, capacity 11745K, committed 11796K, reserved 1048576K
}
Event: 261.125 GC heap before
{Heap before GC invocations=116 (full 3):
 garbage-first heap   total 209920K, used 151981K [0x0000000700000000, 0x0000000700100668, 0x00000007c0000000)
  region size 1024K, 60 young (61440K), 4 survivors (4096K)
 Metaspace       used 79493K, capacity 85023K, committed 85224K, reserved 1122304K
  class space    used 10771K, capacity 11746K, committed 11796K, reserved 1048576K
}
Event: 261.133 GC heap after
{Heap after GC invocations=117 (full 3):
 garbage-first heap   total 209920K, used 95056K [0x0000000700000000, 0x0000000700100668, 0x00000007c0000000)
  region size 1024K, 4 young (4096K), 4 survivors (4096K)
 Metaspace       used 79493K, capacity 85023K, committed 85224K, reserved 1122304K
  class space    used 10771K, capacity 11746K, committed 11796K, reserved 1048576K
}
Event: 261.372 GC heap before
{Heap before GC invocations=117 (full 3):
 garbage-first heap   total 209920K, used 152400K [0x0000000700000000, 0x0000000700100668, 0x00000007c0000000)
  region size 1024K, 60 young (61440K), 4 survivors (4096K)
 Metaspace       used 79498K, capacity 85023K, committed 85224K, reserved 1122304K
  class space    used 10771K, capacity 11746K, committed 11796K, reserved 1048576K
}
Event: 261.377 GC heap after
{Heap after GC invocations=118 (full 3):
 garbage-first heap   total 209920K, used 94723K [0x0000000700000000, 0x0000000700100668, 0x00000007c0000000)
  region size 1024K, 4 young (4096K), 4 survivors (4096K)
 Metaspace       used 79498K, capacity 85023K, committed 85224K, reserved 1122304K
  class space    used 10771K, capacity 11746K, committed 11796K, reserved 1048576K
}
Event: 264.157 GC heap before
{Heap before GC invocations=118 (full 3):
 garbage-first heap   total 209920K, used 152067K [0x0000000700000000, 0x0000000700100668, 0x00000007c0000000)
  region size 1024K, 60 young (61440K), 4 survivors (4096K)
 Metaspace       used 79516K, capacity 85023K, committed 85224K, reserved 1122304K
  class space    used 10771K, capacity 11746K, committed 11796K, reserved 1048576K
}
Event: 264.162 GC heap after
{Heap after GC invocations=119 (full 3):
 garbage-first heap   total 209920K, used 94662K [0x0000000700000000, 0x0000000700100668, 0x00000007c0000000)
  region size 1024K, 4 young (4096K), 4 survivors (4096K)
 Metaspace       used 79516K, capacity 85023K, committed 85224K, reserved 1122304K
  class space    used 10771K, capacity 11746K, committed 11796K, reserved 1048576K
}
Event: 264.483 GC heap before
{Heap before GC invocations=119 (full 3):
 garbage-first heap   total 209920K, used 152006K [0x0000000700000000, 0x0000000700100668, 0x00000007c0000000)
  region size 1024K, 60 young (61440K), 4 survivors (4096K)
 Metaspace       used 79536K, capacity 85029K, committed 85224K, reserved 1122304K
  class space    used 10771K, capacity 11747K, committed 11796K, reserved 1048576K
}
Event: 264.492 GC heap after
{Heap after GC invocations=120 (full 3):
 garbage-first heap   total 209920K, used 97783K [0x0000000700000000, 0x0000000700100668, 0x00000007c0000000)
  region size 1024K, 7 young (7168K), 7 survivors (7168K)
 Metaspace       used 79536K, capacity 85029K, committed 85224K, reserved 1122304K
  class space    used 10771K, capacity 11747K, committed 11796K, reserved 1048576K
}

Deoptimization events (10 events):
Event: 255.030 Thread 0x000001f7e1d9d800 Uncommon trap: reason=unstable_if action=reinterpret pc=0x000001f7d0f0c2a8 method=java.util.ArrayList.indexOf(Ljava/lang/Object;)I @ 1 c2
Event: 255.030 Thread 0x000001f7e1d9d800 Uncommon trap: reason=unstable_if action=reinterpret pc=0x000001f7d0b73204 method=java.util.ArrayList.indexOf(Ljava/lang/Object;)I @ 1 c2
Event: 256.033 Thread 0x000001f7e1d9d800 Uncommon trap: reason=unstable_if action=reinterpret pc=0x000001f7d10cf28c method=java.util.concurrent.locks.AbstractQueuedSynchronizer.isOnSyncQueue(Ljava/util/concurrent/locks/AbstractQueuedSynchronizer$Node;)Z @ 22 c2
Event: 256.671 Thread 0x000001f7e1d9d800 Uncommon trap: reason=bimorphic_or_optimized_type_check action=maybe_recompile pc=0x000001f7d0c3d714 method=javax.swing.InputMap.allKeys()[Ljavax/swing/KeyStroke; @ 38 c2
Event: 256.694 Thread 0x000001f7e1d9d800 Uncommon trap: reason=bimorphic_or_optimized_type_check action=maybe_recompile pc=0x000001f7d188151c method=sun.swing.plaf.synth.DefaultSynthStyle.getColor(Ljavax/swing/JComponent;Ljavax/swing/plaf/synth/Region;ILjavax/swing/plaf/synth/ColorType;)Ljava/aw
Event: 257.849 Thread 0x000001f7e1d9d800 Uncommon trap: reason=class_check action=maybe_recompile pc=0x000001f7d11eeab0 method=javax.swing.ActionMap.get(Ljava/lang/Object;)Ljavax/swing/Action; @ 38 c2
Event: 257.878 Thread 0x000001f7e1d9d800 Uncommon trap: reason=bimorphic_or_optimized_type_check action=maybe_recompile pc=0x000001f7d188151c method=sun.swing.plaf.synth.DefaultSynthStyle.getColor(Ljavax/swing/JComponent;Ljavax/swing/plaf/synth/Region;ILjavax/swing/plaf/synth/ColorType;)Ljava/aw
Event: 257.881 Thread 0x000001f7e1d9d800 Uncommon trap: reason=bimorphic_or_optimized_type_check action=maybe_recompile pc=0x000001f7d194c5cc method=javax.swing.JComponent.scrollRectToVisible(Ljava/awt/Rectangle;)V @ 59 c2
Event: 257.881 Thread 0x000001f7e1d9d800 Uncommon trap: reason=bimorphic_or_optimized_type_check action=maybe_recompile pc=0x000001f7d194c5cc method=javax.swing.JComponent.scrollRectToVisible(Ljava/awt/Rectangle;)V @ 59 c2
Event: 264.437 Thread 0x000001f7e1d9d800 Uncommon trap: reason=bimorphic_or_optimized_type_check action=maybe_recompile pc=0x000001f7d18b3c60 method=java.util.HashMap.removeNode(ILjava/lang/Object;Ljava/lang/Object;ZZ)Ljava/util/HashMap$Node; @ 68 c2

Classes redefined (0 events):
No events

Internal exceptions (10 events):
Event: 215.687 Thread 0x000001f7e1d9d800 Exception <a 'java/lang/ClassNotFoundException'{0x000000070c8102c0}: ui/utils/o/p/a/dCustomizer> (0x000000070c8102c0) thrown at [t:/workspace/hotspot/src/share/vm/classfile/systemDictionary.cpp, line 218]
Event: 215.689 Thread 0x000001f7e1d9d800 Exception <a 'java/lang/ClassNotFoundException'{0x000000070c84e380}: ui/utils/i/g/nCustomizer> (0x000000070c84e380) thrown at [t:/workspace/hotspot/src/share/vm/classfile/systemDictionary.cpp, line 218]
Event: 219.540 Thread 0x000001f7e1d9d800 Implicit null exception at 0x000001f7d0bac9fd to 0x000001f7d0bad3dd
Event: 219.967 Thread 0x000001f7e1d9d800 Exception <a 'java/io/FileNotFoundException'{0x00000007099ff900}> (0x00000007099ff900) thrown at [t:/workspace/hotspot/src/share/vm/prims/jni.cpp, line 604]
Event: 225.219 Thread 0x000001f7befab800 Exception <a 'java/lang/InterruptedException'{0x000000070c93aa60}: sleep interrupted> (0x000000070c93aa60) thrown at [t:/workspace/hotspot/src/share/vm/prims/jvm.cpp, line 2984]
Event: 237.154 Thread 0x000001f7befab800 Exception <a 'java/lang/InterruptedException'{0x000000070b8151e8}: sleep interrupted> (0x000000070b8151e8) thrown at [t:/workspace/hotspot/src/share/vm/prims/jvm.cpp, line 2984]
Event: 237.710 Thread 0x000001f7e1d9d800 Exception <a 'java/lang/NoSuchMethodError'{0x000000070b735ac0}: java.lang.invoke.DirectMethodHandle$Holder.invokeSpecial(Ljava/lang/Object;Ljava/lang/Object;IILjava/lang/Object;ILjava/lang/Object;Ljava/lang/Object;)Ljava/lang/Object;> (0x000000070b735ac0)
Event: 237.710 Thread 0x000001f7e1d9d800 Exception <a 'java/lang/NoSuchMethodError'{0x000000070b739370}: java.lang.invoke.DelegatingMethodHandle$Holder.reinvoke_L(Ljava/lang/Object;IILjava/lang/Object;ILjava/lang/Object;Ljava/lang/Object;)Ljava/lang/Object;> (0x000000070b739370) thrown at [t:/wo
Event: 237.712 Thread 0x000001f7e1d9d800 Exception <a 'java/lang/NoSuchMethodError'{0x000000070b75efa8}: java.lang.invoke.DirectMethodHandle$Holder.invokeSpecial(Ljava/lang/Object;Ljava/lang/Object;Ljava/lang/Object;ILjava/lang/Object;Ljava/lang/Object;)Ljava/lang/Object;> (0x000000070b75efa8) t
Event: 264.414 Thread 0x000001f7befae000 Exception <a 'java/lang/InterruptedException'{0x000000070cc84448}: sleep interrupted> (0x000000070cc84448) thrown at [t:/workspace/hotspot/src/share/vm/prims/jvm.cpp, line 2984]

Events (10 events):
Event: 264.408 Thread 0x000001f7befab000 flushing nmethod 0x000001f7cb6b5e90
Event: 264.408 Executing VM operation: RevokeBias
Event: 264.409 Executing VM operation: RevokeBias done
Event: 264.411 Executing VM operation: RevokeBias
Event: 264.411 Executing VM operation: RevokeBias done
Event: 264.437 Thread 0x000001f7e1d9d800 Uncommon trap: trap_request=0xffffffc6 fr.pc=0x000001f7d18b3c60 relative=0x0000000000000ae0
Event: 264.437 Thread 0x000001f7e1d9d800 DEOPT PACKING pc=0x000001f7d18b3c60 sp=0x00000015966fd460
Event: 264.437 Thread 0x000001f7e1d9d800 DEOPT UNPACKING pc=0x000001f7c8f1df29 sp=0x00000015966fd408 mode 2
Event: 264.483 Executing VM operation: G1IncCollectionPause
Event: 264.492 Executing VM operation: G1IncCollectionPause done


Dynamic libraries:
0x00007ff7120b0000 - 0x00007ff7120e0000 	E:\Xilinx\Vivado\2019.1\bin\unwrapped\win64.o\vivado.exe
0x00007fff46f00000 - 0x00007fff470e1000 	C:\WINDOWS\SYSTEM32\ntdll.dll
0x00007fff44fa0000 - 0x00007fff45051000 	C:\WINDOWS\System32\KERNEL32.DLL
0x00007fff43970000 - 0x00007fff43be3000 	C:\WINDOWS\System32\KERNELBASE.dll
0x00007fff43fa0000 - 0x00007fff44098000 	C:\WINDOWS\System32\ucrtbase.dll
0x00007fff2f410000 - 0x00007fff2f4ad000 	C:\WINDOWS\SYSTEM32\MSVCP140.dll
0x00007fff3a440000 - 0x00007fff3a457000 	C:\WINDOWS\SYSTEM32\VCRUNTIME140.dll
0x00007fff3d240000 - 0x00007fff3d254000 	E:\Xilinx\Vivado\2019.1\lib\win64.o\libboost_signals.dll
0x00007fff3d220000 - 0x00007fff3d234000 	E:\Xilinx\Vivado\2019.1\lib\win64.o\librdi_commonmain.dll
0x00007fff107c0000 - 0x00007fff116a2000 	E:\Xilinx\Vivado\2019.1\lib\win64.o\librdi_common.dll
0x00007fff45580000 - 0x00007fff45711000 	C:\WINDOWS\System32\USER32.dll
0x00007fff43f00000 - 0x00007fff43f20000 	C:\WINDOWS\System32\win32u.dll
0x00007fff45550000 - 0x00007fff45578000 	C:\WINDOWS\System32\GDI32.dll
0x00007fff437d0000 - 0x00007fff43961000 	C:\WINDOWS\System32\gdi32full.dll
0x00007fff440a0000 - 0x00007fff4413f000 	C:\WINDOWS\System32\msvcp_win.dll
0x00007fff444a0000 - 0x00007fff44541000 	C:\WINDOWS\System32\ADVAPI32.dll
0x00007fff30f70000 - 0x00007fff30f96000 	E:\Xilinx\Vivado\2019.1\lib\win64.o\libboost_filesystem.dll
0x00007fff3d490000 - 0x00007fff3d49a000 	E:\Xilinx\Vivado\2019.1\lib\win64.o\librdi_commonversion.dll
0x00007fff448f0000 - 0x00007fff4498e000 	C:\WINDOWS\System32\msvcrt.dll
0x00007fff44390000 - 0x00007fff443eb000 	C:\WINDOWS\System32\sechost.dll
0x00007fff1dc10000 - 0x00007fff1dd31000 	E:\Xilinx\Vivado\2019.1\lib\win64.o\librdi_commonxillic.dll
0x00007fff46da0000 - 0x00007fff46ec4000 	C:\WINDOWS\System32\RPCRT4.dll
0x00007fff45730000 - 0x00007fff46b75000 	C:\WINDOWS\System32\SHELL32.dll
0x00007fff43070000 - 0x00007fff430b9000 	C:\WINDOWS\System32\cfgmgr32.dll
0x00007fff443f0000 - 0x00007fff44499000 	C:\WINDOWS\System32\shcore.dll
0x00007fff45190000 - 0x00007fff454b1000 	C:\WINDOWS\System32\combase.dll
0x0000000052700000 - 0x000000005282b000 	E:\Xilinx\Vivado\2019.1\lib\win64.o\tcl85t.dll
0x00007fff17450000 - 0x00007fff177be000 	E:\Xilinx\Vivado\2019.1\lib\win64.o\libCOIN-all.dll
0x00007fff44140000 - 0x00007fff441b9000 	C:\WINDOWS\System32\bcryptPrimitives.dll
0x00007fff44320000 - 0x00007fff4438c000 	C:\WINDOWS\System32\WS2_32.dll
0x00007fff33870000 - 0x00007fff33884000 	E:\Xilinx\Vivado\2019.1\lib\win64.o\libboost_date_time.dll
0x00007fff430c0000 - 0x00007fff437d0000 	C:\WINDOWS\System32\windows.storage.dll
0x00007fff449a0000 - 0x00007fff449f1000 	C:\WINDOWS\System32\shlwapi.dll
0x00007fff42f90000 - 0x00007fff42fa1000 	C:\WINDOWS\System32\kernel.appcore.dll
0x00007fff42f40000 - 0x00007fff42f5f000 	C:\WINDOWS\System32\profapi.dll
0x00007fff43f20000 - 0x00007fff43f6c000 	C:\WINDOWS\System32\powrprof.dll
0x00007fff42f10000 - 0x00007fff42f1a000 	C:\WINDOWS\System32\FLTLIB.DLL
0x00007fff302a0000 - 0x00007fff3031f000 	E:\Xilinx\Vivado\2019.1\lib\win64.o\libboost_program_options.dll
0x00007fff1b990000 - 0x00007fff1baa4000 	E:\Xilinx\Vivado\2019.1\lib\win64.o\libboost_regex.dll
0x00007fff3d210000 - 0x00007fff3d21b000 	E:\Xilinx\Vivado\2019.1\lib\win64.o\libboost_system.dll
0x00007fff2f3e0000 - 0x00007fff2f401000 	E:\Xilinx\Vivado\2019.1\lib\win64.o\libboost_thread.dll
0x00007fff2ef30000 - 0x00007fff2efb2000 	E:\Xilinx\Vivado\2019.1\lib\win64.o\libhdlpsolve.dll
0x00007fff3b340000 - 0x00007fff3b34f000 	E:\Xilinx\Vivado\2019.1\lib\win64.o\libboost_xilinx.dll
0x00007fff246e0000 - 0x00007fff24785000 	E:\Xilinx\Vivado\2019.1\lib\win64.o\libhdxml.dll
0x00007fff03b70000 - 0x00007fff0471f400 	E:\Xilinx\Vivado\2019.1\lib\win64.o\libisl_iostreams.dll
0x00007fff2f3b0000 - 0x00007fff2f3de000 	E:\Xilinx\Vivado\2019.1\lib\win64.o\libisl_sysinfo.dll
0x00007fff27950000 - 0x00007fff279b5000 	E:\Xilinx\Vivado\2019.1\lib\win64.o\liblmx6.0.dll
0x00007fff30730000 - 0x00007fff3074a000 	E:\Xilinx\Vivado\2019.1\lib\win64.o\pthreadVC2.dll
0x00007fff2f900000 - 0x00007fff2f91c000 	E:\Xilinx\Vivado\2019.1\lib\win64.o\librdiconfig.dll
0x00007fff2c6e0000 - 0x00007fff2c701000 	E:\Xilinx\Vivado\2019.1\lib\win64.o\librdizlib.dll
0x0000000012000000 - 0x0000000012270000 	E:\Xilinx\Vivado\2019.1\lib\win64.o\xerces-c_3_1.dll
0x00007fff15300000 - 0x00007fff155d8000 	E:\Xilinx\Vivado\2019.1\lib\win64.o\libXil_lmgr11.dll
0x00007fff46cb0000 - 0x00007fff46d9d000 	C:\WINDOWS\System32\COMDLG32.dll
0x00007fff3fb60000 - 0x00007fff3fb77000 	C:\WINDOWS\SYSTEM32\NETAPI32.dll
0x00007fff35e00000 - 0x00007fff362bd000 	C:\WINDOWS\SYSTEM32\WININET.dll
0x00007fff450c0000 - 0x00007fff45182000 	C:\WINDOWS\System32\OLEAUT32.dll
0x00007fff441c0000 - 0x00007fff44311000 	C:\WINDOWS\System32\ole32.dll
0x00007fff3cf90000 - 0x00007fff3d06d000 	C:\WINDOWS\SYSTEM32\WINHTTP.dll
0x00007fff39fa0000 - 0x00007fff3a16a000 	C:\WINDOWS\SYSTEM32\urlmon.dll
0x00007fff43bf0000 - 0x00007fff43c47000 	C:\WINDOWS\System32\WINTRUST.dll
0x00007fff42f20000 - 0x00007fff42f32000 	C:\WINDOWS\System32\MSASN1.dll
0x00007fff43d10000 - 0x00007fff43ef2000 	C:\WINDOWS\System32\CRYPT32.dll
0x00007fff37770000 - 0x00007fff37779000 	C:\WINDOWS\SYSTEM32\WSOCK32.dll
0x00007fff27240000 - 0x00007fff2726e000 	C:\WINDOWS\SYSTEM32\VCOMP140.DLL
0x00007ffefb750000 - 0x00007ffefc5e1000 	E:\Xilinx\Vivado\2019.1\lib\win64.o\gurobi65.dll
0x00007fff36a90000 - 0x00007fff36a9d000 	E:\Xilinx\Vivado\2019.1\lib\win64.o\libboost_chrono.dll
0x00007fff2f330000 - 0x00007fff2f34b000 	E:\Xilinx\Vivado\2019.1\lib\win64.o\libboost_iostreams.dll
0x00007fff26320000 - 0x00007fff26345000 	E:\Xilinx\Vivado\2019.1\lib\win64.o\libisl_iosutils.dll
0x00007fff31070000 - 0x00007fff31117000 	C:\WINDOWS\WinSxS\amd64_microsoft.windows.common-controls_6595b64144ccf1df_5.82.17134.1098_none_5572aa9b2662a345\COMCTL32.dll
0x00007fff3e7e0000 - 0x00007fff3e7fa000 	C:\WINDOWS\SYSTEM32\dhcpcsvc.DLL
0x00007fff390b0000 - 0x00007fff39357000 	C:\WINDOWS\SYSTEM32\iertutil.dll
0x00007fff44f70000 - 0x00007fff44f78000 	C:\WINDOWS\System32\NSI.dll
0x00007fff428c0000 - 0x00007fff428cb000 	C:\WINDOWS\SYSTEM32\CRYPTBASE.DLL
0x00007fff424a0000 - 0x00007fff424ae000 	C:\WINDOWS\SYSTEM32\NETUTILS.DLL
0x00007fff45520000 - 0x00007fff4554d000 	C:\WINDOWS\System32\IMM32.DLL
0x00007ffefb230000 - 0x00007ffefb747000 	E:\Xilinx\Vivado\2019.1\lib\win64.o\librdi_commontasks.dll
0x00007fff3ab60000 - 0x00007fff3ab6a000 	C:\WINDOWS\SYSTEM32\VERSION.dll
0x0000000051cd0000 - 0x00000000526f5000 	E:\Xilinx\Vivado\2019.1\tps\win64\jre9.0.4\bin\server\jvm.dll
0x00007fff15070000 - 0x00007fff152f6000 	E:\Xilinx\Vivado\2019.1\lib\win64.o\librdi_sio.dll
0x00007fff43f70000 - 0x00007fff43f93000 	C:\WINDOWS\System32\WINMM.dll
0x00007fff42f60000 - 0x00007fff42f8a000 	C:\WINDOWS\System32\WINMMBASE.dll
0x00007fff44990000 - 0x00007fff44998000 	C:\WINDOWS\System32\PSAPI.DLL
0x00007fff42460000 - 0x00007fff42498000 	C:\WINDOWS\SYSTEM32\IPHLPAPI.DLL
0x00007fff1c380000 - 0x00007fff1c46f000 	C:\WINDOWS\SYSTEM32\MSVCR120.dll
0x00007fff42710000 - 0x00007fff42776000 	C:\WINDOWS\SYSTEM32\MSWSOCK.DLL
0x00007ffef8d70000 - 0x00007ffefb22c000 	E:\Xilinx\Vivado\2019.1\lib\win64.o\librdi_tcltasks.dll
0x00007fff19b50000 - 0x00007fff19ce1000 	E:\Xilinx\Vivado\2019.1\lib\win64.o\librdi_board.dll
0x00007ffef8960000 - 0x00007ffef8d68000 	E:\Xilinx\Vivado\2019.1\lib\win64.o\librdi_bitstream.dll
0x00007fff236b0000 - 0x00007fff23728000 	E:\Xilinx\Vivado\2019.1\lib\win64.o\librdi_boarddep.dll
0x00007fff1b6e0000 - 0x00007fff1b7cb000 	E:\Xilinx\Vivado\2019.1\lib\win64.o\librdi_chipscope.dll
0x00007fff15da0000 - 0x00007fff15f5d000 	E:\Xilinx\Vivado\2019.1\lib\win64.o\librdi_chipscopeimpl.dll
0x00007fff14f10000 - 0x00007fff15066000 	E:\Xilinx\Vivado\2019.1\lib\win64.o\librdi_containers.dll
0x00007ffef6f70000 - 0x00007ffef895a000 	E:\Xilinx\Vivado\2019.1\lib\win64.o\librdi_constraints.dll
0x00007ffef50b0000 - 0x00007ffef6f61000 	E:\Xilinx\Vivado\2019.1\lib\win64.o\librdi_coregen.dll
0x00007ffef49d0000 - 0x00007ffef50aa000 	E:\Xilinx\Vivado\2019.1\lib\win64.o\librdi_coregenipxact.dll
0x00007ffef0980000 - 0x00007ffef49c3000 	E:\Xilinx\Vivado\2019.1\lib\win64.o\librdi_designutils.dll
0x00007ffede550000 - 0x00007ffef097c000 	E:\Xilinx\Vivado\2019.1\lib\win64.o\librdi_device.dll
0x00007ffede230000 - 0x00007ffede54e000 	E:\Xilinx\Vivado\2019.1\lib\win64.o\librdi_dlyest.dll
0x00007ffeddc90000 - 0x00007ffede22a000 	E:\Xilinx\Vivado\2019.1\lib\win64.o\librdi_drc.dll
0x00007fff20870000 - 0x00007fff20934000 	E:\Xilinx\Vivado\2019.1\lib\win64.o\librdi_dsp.dll
0x00007ffedd640000 - 0x00007ffeddc8d000 	E:\Xilinx\Vivado\2019.1\lib\win64.o\librdi_filemgmt.dll
0x00007ffedd350000 - 0x00007ffedd633000 	E:\Xilinx\Vivado\2019.1\lib\win64.o\librdi_guitools.dll
0x00007fff231c0000 - 0x00007fff23225000 	E:\Xilinx\Vivado\2019.1\lib\win64.o\librdi_hdf.dll
0x00007ffedbd90000 - 0x00007ffedd350000 	E:\Xilinx\Vivado\2019.1\lib\win64.o\librdi_implflow.dll
0x00007ffedb770000 - 0x00007ffedbd85000 	E:\Xilinx\Vivado\2019.1\lib\win64.o\librdi_memdata.dll
0x00007fff207c0000 - 0x00007fff20833000 	E:\Xilinx\Vivado\2019.1\lib\win64.o\librdi_memoryarray.dll
0x00007ffed8a80000 - 0x00007ffedb766000 	E:\Xilinx\Vivado\2019.1\lib\win64.o\librdi_mig.dll
0x00007ffed83d0000 - 0x00007ffed8a72000 	E:\Xilinx\Vivado\2019.1\lib\win64.o\librdi_netlist.dll
0x00007fff26220000 - 0x00007fff2626b000 	E:\Xilinx\Vivado\2019.1\lib\win64.o\librdi_pfi.dll
0x00007ffed5d50000 - 0x00007ffed83c6000 	E:\Xilinx\Vivado\2019.1\lib\win64.o\librdi_place.dll
0x00007ffed5a40000 - 0x00007ffed5d4f000 	E:\Xilinx\Vivado\2019.1\lib\win64.o\librdi_platform.dll
0x00007ffed52f0000 - 0x00007ffed5a3a000 	E:\Xilinx\Vivado\2019.1\lib\win64.o\librdi_power.dll
0x00007ffed4d70000 - 0x00007ffed52ef000 	E:\Xilinx\Vivado\2019.1\lib\win64.o\librdi_project.dll
0x00007ffed4660000 - 0x00007ffed4d69000 	E:\Xilinx\Vivado\2019.1\lib\win64.o\librdi_psta.dll
0x00007ffed3f50000 - 0x00007ffed4656000 	E:\Xilinx\Vivado\2019.1\lib\win64.o\librdi_rsb.dll
0x00007ffed3b50000 - 0x00007ffed3f41000 	E:\Xilinx\Vivado\2019.1\lib\win64.o\librdi_runs.dll
0x00007fff13e80000 - 0x00007fff13f7a000 	E:\Xilinx\Vivado\2019.1\lib\win64.o\librdi_runsbase.dll
0x00007ffed38f0000 - 0x00007ffed3b46000 	E:\Xilinx\Vivado\2019.1\lib\win64.o\librdi_simdata.dll
0x00007ffed2ad0000 - 0x00007ffed38e1000 	E:\Xilinx\Vivado\2019.1\lib\win64.o\librdi_timing.dll
0x00007fff13d00000 - 0x00007fff13e72000 	E:\Xilinx\Vivado\2019.1\lib\win64.o\librdi_advchipscopeimpl.dll
0x00007fff24c10000 - 0x00007fff24c5c000 	E:\Xilinx\Vivado\2019.1\lib\win64.o\libboost_serialization.dll
0x00007fff039d0000 - 0x00007fff03b6f000 	E:\Xilinx\Vivado\2019.1\lib\win64.o\librdi_hip_devdesign.dll
0x00007fff20520000 - 0x00007fff205e2000 	E:\Xilinx\Vivado\2019.1\lib\win64.o\librdi_ipconfig_readwrite.dll
0x00007fff20a80000 - 0x00007fff20ac3000 	E:\Xilinx\Vivado\2019.1\lib\win64.o\librdi_noc_frameworks.dll
0x00007ffed1f80000 - 0x00007ffed2ac7000 	E:\Xilinx\Vivado\2019.1\lib\win64.o\libverific.dll
0x00007ffed1b90000 - 0x00007ffed1f75000 	E:\Xilinx\Vivado\2019.1\lib\win64.o\librdi_hip_config.dll
0x00007ffed1640000 - 0x00007ffed1b8e000 	E:\Xilinx\Vivado\2019.1\lib\win64.o\librdi_xdm.dll
0x00007fff1eda0000 - 0x00007fff1ee3e000 	E:\Xilinx\Vivado\2019.1\lib\win64.o\libise.dll

VM Arguments:
jvm_args: -Dsun.java2d.pmoffscreen=false -Dsun.java2d.xrender=false -Dsun.java2d.d3d=false -Dsun.awt.nopixfmt=true -Dsun.java2d.dpiaware=true -Dsun.java2d.uiScale.enabled=false -Xverify:none -Dswing.aatext=true -XX:-UsePerfData -Djdk.map.althashing.threshold=512 -XX:StringTableSize=4072 --add-opens=java.base/java.nio=ALL-UNNAMED --add-opens=java.desktop/sun.swing=ALL-UNNAMED --add-opens=java.desktop/javax.swing=ALL-UNNAMED --add-opens=java.desktop/javax.swing.tree=ALL-UNNAMED --add-opens=java.desktop/javax.swing.plaf.basic=ALL-UNNAMED --add-opens=java.desktop/javax.swing.plaf.synth=ALL-UNNAMED --add-opens=java.desktop/com.sun.awt=ALL-UNNAMED -XX:NewSize=60m -XX:MaxNewSize=60m -Xms128m -Xmx3072m -Xss5m 
java_command: <unknown>
java_class_path (initial): E:/Xilinx/Vivado/2019.1\lib\classes\alloy.jar;E:/Xilinx/Vivado/2019.1\lib\classes\autopilot.scelaborator.jar;E:/Xilinx/Vivado/2019.1\lib\classes\autopilot.sourceprocessor.jar;E:/Xilinx/Vivado/2019.1\lib\classes\autopilot.tbprocessor.jar;E:/Xilinx/Vivado/2019.1\lib\classes\batik-anim.jar;E:/Xilinx/Vivado/2019.1\lib\classes\batik-awt-util.jar;E:/Xilinx/Vivado/2019.1\lib\classes\batik-bridge.jar;E:/Xilinx/Vivado/2019.1\lib\classes\batik-codec.jar;E:/Xilinx/Vivado/2019.1\lib\classes\batik-css.jar;E:/Xilinx/Vivado/2019.1\lib\classes\batik-dom.jar;E:/Xilinx/Vivado/2019.1\lib\classes\batik-ext.jar;E:/Xilinx/Vivado/2019.1\lib\classes\batik-gui-util.jar;E:/Xilinx/Vivado/2019.1\lib\classes\batik-gvt.jar;E:/Xilinx/Vivado/2019.1\lib\classes\batik-parser.jar;E:/Xilinx/Vivado/2019.1\lib\classes\batik-script.jar;E:/Xilinx/Vivado/2019.1\lib\classes\batik-svg-dom.jar;E:/Xilinx/Vivado/2019.1\lib\classes\batik-swing.jar;E:/Xilinx/Vivado/2019.1\lib\classes\batik-transcoder.jar;E:/Xilinx/Vivado/2019.1\lib\classes\batik-util.jar;E:/Xilinx/Vivado/2019.1\lib\classes\batik-xml.jar;E:/Xilinx/Vivado/2019.1\lib\classes\com.google.gson_2.7.0.v20170129-0911.jar;E:/Xilinx/Vivado/2019.1\lib\classes\com.google.guava_21.0.0.v20170206-1425.jar;E:/Xilinx/Vivado/2019.1\lib\classes\com.google.inject_3.0.0.v201605172100.jar;E:/Xilinx/Vivado/2019.1\lib\classes\com.ibm.icu_4.4.2.v20110208.jar;E:/Xilinx/Vivado/2019.1\lib\classes\com.sigasi.hdt.annotations.runtime_4.3.0.201903071210.jar;E:/Xilinx/Vivado/2019.1\lib\classes\com.sigasi.hdt.blockdiagram.model_4.3.0.201903071210.jar;E:/Xilinx/Vivado/2019.1\lib\classes\com.sigasi.hdt.connection_4.3.0.201903071210.jar;E:/Xilinx/Vivado/2019.1\lib\classes\com.sigasi.hdt.dependencies.model_4.3.0.201903071210.jar;E:/Xilinx/Vivado/2019.1\lib\classes\com.sigasi.hdt.epl_4.3.0.201903071210.jar;E:/Xilinx/Vivado/2019.1\lib\classes\com.sigasi.hdt.graphics.model_4.3.0.201903071210.jar;E:/Xilinx/Vivado/2019.1\lib\classes\com.sigasi.hdt.project_4.3.0
Launcher Type: generic

Logging:
Log output configuration:
#0: stdout all=warning uptime,level,tags
#1: stderr all=off uptime,level,tags

Environment Variables:
JAVA_HOME=C:\Program Files\Java\jdk-11.0.1
CLASSPATH=.;C:\Program Files\Java\jdk-11.0.1\lib\dt.jar;C:\Program Files\Java\jdk-11.0.1\lib\tools.jar;
PATH=E:/Xilinx/Vivado/2019.1/bin;E:/Xilinx/Vivado/2019.1/lib/win64.o;E:/Xilinx/Vivado/2019.1/tps/win64/jre9.0.4/bin/server;E:/Xilinx/Vivado/2019.1/tps/win64/jre9.0.4/bin;E:/Xilinx/SDK/2019.1/bin;E:/Xilinx/Vivado/2019.1/ids_lite/ISE/bin/nt64;E:/Xilinx/Vivado/2019.1/ids_lite/ISE/lib/nt64;C:\Program Files\Java\jdk-11.0.1\bin;C:\Program Files\Java\jdk-11.0.1\jre\bin;C:\Users\ChenQi\AppData\Local\Microsoft\WindowsApps;;E:/Xilinx/Vivado/2019.1\tps\mingw\6.2.0\win64.o\nt\bin;E:/Xilinx/Vivado/2019.1\tps\mingw\6.2.0\win64.o\nt\libexec\gcc\x86_64-w64-mingw32\6.2.0;E:/Xilinx/Vivado/2019.1\tps\win64\python-2.7.5;E:/Xilinx/Vivado/2019.1\tps\win64\python-2.7.5\lib;E:/Xilinx/Vivado/2019.1\tps\win64\python-2.7.5\Lib\lib-tk;E:/Xilinx/Vivado/2019.1\tps\win64\python-2.7.5\lib\site-packages
USERNAME=ChenQi
OS=Windows_NT
PROCESSOR_IDENTIFIER=Intel64 Family 6 Model 60 Stepping 3, GenuineIntel



---------------  S Y S T E M  ---------------

OS: Windows 10 , 64 bit Build 17134 (10.0.17134.753)

CPU:total 4 (initial active 4) (4 cores per cpu, 1 threads per core) family 6 model 60 stepping 3, cmov, cx8, fxsr, mmx, sse, sse2, sse3, ssse3, sse4.1, sse4.2, popcnt, avx, avx2, aes, clmul, erms, lzcnt, tsc, tscinvbit, bmi1, bmi2, fma

Memory: 4k page, physical 8305404k(3934988k free), swap 15645436k(10430896k free)

vm_info: Java HotSpot(TM) 64-Bit Server VM (9.0.4+11) for windows-amd64 JRE (9.0.4+11), built on Dec 20 2017 02:18:54 by "mach5one" with MS VC++ 12.0 (VS2013)

END.
