#-----------------------------------------------------------
# Vivado v2019.1 (64-bit)
# SW Build 2552052 on Fri May 24 14:49:42 MDT 2019
# IP Build 2548770 on Fri May 24 18:01:18 MDT 2019
# Start of session at: Sun Nov 24 16:41:43 2019
# Process ID: 5068
# Current directory: E:/vivado_workspace/20190930_test/WRA_NOCORE/V3
# Command line: vivado.exe -gui_launcher_event rodinguilauncherevent7736 E:\vivado_workspace\20190930_test\WRA_NOCORE\V3\V3.xpr
# Log file: E:/vivado_workspace/20190930_test/WRA_NOCORE/V3/vivado.log
# Journal file: E:/vivado_workspace/20190930_test/WRA_NOCORE/V3\vivado.jou
#-----------------------------------------------------------
start_gui
open_project E:/vivado_workspace/20190930_test/WRA_NOCORE/V3/V3.xpr
CRITICAL WARNING: [Project 1-19] Could not find the file 'E:/vivado_workspace/imagedata_ok/3/imagedata.coe'.
CRITICAL WARNING: [Project 1-19] Could not find the file 'E:/vivado_workspace/20190930_test/Project/AT421-MN-80001-r0p0-02rel0/filterdata.coe'.
Scanning sources...
Finished scanning sources
INFO: [IP_Flow 19-234] Refreshing IP repositories
INFO: [IP_Flow 19-1704] No user IP repositories specified
INFO: [IP_Flow 19-2313] Loaded Vivado IP repository 'E:/Xilinx/Vivado/2019.1/data/ip'.
WARNING: [IP_Flow 19-2162] IP 'blk_mem_gfgt' is locked:
* IP definition 'Block Memory Generator (8.4)' for IP 'blk_mem_gfgt' (customized with software release 2018.1) has a different revision in the IP Catalog. * Current project part 'xc7a100tcsg324-1' and the part 'xc7a200tfbg484-1' used to customize the IP 'blk_mem_gfgt' do not match.
WARNING: [IP_Flow 19-2162] IP 'block_ram' is locked:
* Current project part 'xc7a100tcsg324-1' and the part 'xc7a200tfbg484-1' used to customize the IP 'block_ram' do not match.
WARNING: [IP_Flow 19-2162] IP 'dist_mem_gen_2' is locked:
* Current project part 'xc7a100tcsg324-1' and the part 'xc7a200tfbg484-1' used to customize the IP 'dist_mem_gen_2' do not match.
WARNING: [IP_Flow 19-2162] IP 'clk_wiz_0' is locked:
* Current project part 'xc7a100tcsg324-1' and the part 'xc7a200tfbg484-1' used to customize the IP 'clk_wiz_0' do not match.
WARNING: [IP_Flow 19-2162] IP 'dist_mem_gen_1' is locked:
* IP definition 'Distributed Memory Generator (8.0)' for IP 'dist_mem_gen_1' (customized with software release 2018.1) has a different revision in the IP Catalog. * Current project part 'xc7a100tcsg324-1' and the part 'xc7a200tfbg484-1' used to customize the IP 'dist_mem_gen_1' do not match.
WARNING: [IP_Flow 19-2162] IP 'dist_mem_gen_0' is locked:
* Current project part 'xc7a100tcsg324-1' and the part 'xc7a200tfbg484-1' used to customize the IP 'dist_mem_gen_0' do not match.
WARNING: [IP_Flow 19-2162] IP 'blk_mem' is locked:
* IP definition 'Block Memory Generator (8.4)' for IP 'blk_mem' (customized with software release 2018.1) has a different revision in the IP Catalog. * Current project part 'xc7a100tcsg324-1' and the part 'xc7a200tfbg484-1' used to customize the IP 'blk_mem' do not match.
WARNING: [IP_Flow 19-2162] IP 'mult' is locked:
* IP definition 'Multiplier (12.0)' for IP 'mult' (customized with software release 2018.1) has a different revision in the IP Catalog. * Current project part 'xc7a100tcsg324-1' and the part 'xc7a200tfbg484-1' used to customize the IP 'mult' do not match.
WARNING: [IP_Flow 19-2162] IP 'instrmemory' is locked:
* IP definition 'Distributed Memory Generator (8.0)' for IP 'instrmemory' (customized with software release 2018.1) has a different revision in the IP Catalog. * Current project part 'xc7a100tcsg324-1' and the part 'xc7a200tfbg484-1' used to customize the IP 'instrmemory' do not match.
WARNING: [IP_Flow 19-2162] IP 'DataFIFO' is locked:
* IP definition 'FIFO Generator (13.2)' for IP 'DataFIFO' (customized with software release 2018.1) has a different revision in the IP Catalog. * Current project part 'xc7a100tcsg324-1' and the part 'xc7a200tfbg484-1' used to customize the IP 'DataFIFO' do not match.
WARNING: [IP_Flow 19-2162] IP 'FilterRam' is locked:
* IP definition 'Distributed Memory Generator (8.0)' for IP 'FilterRam' (customized with software release 2018.1) has a different revision in the IP Catalog. * Current project part 'xc7a100tcsg324-1' and the part 'xc7a200tfbg484-1' used to customize the IP 'FilterRam' do not match.
open_project: Time (s): cpu = 00:00:22 ; elapsed = 00:00:29 . Memory (MB): peak = 838.305 ; gain = 172.680
update_compile_order -fileset sources_1
reset_run blk_mem_synth_1
reset_run mult_synth_1
reset_run instrmemory_synth_1
reset_run DataFIFO_synth_1
reset_run FilterRam_synth_1
reset_run synth_1
launch_runs synth_1 -jobs 4
WARNING: [Vivado 12-4801] The synthesis checkpoint for IP 'E:/vivado_workspace/20190930_test/WRA_NOCORE/V3/V3.srcs/sources_1/ip/blk_mem_gfgt_1/blk_mem_gfgt.xci' is available but stale and the IP is locked. An out-of-context (OOC) run will be created and/or launched, but synthesis may not be able to complete or could result in incorrect behavior.
Please select 'Report IP Status' from the 'Tools/Report' menu or run Tcl command 'report_ip_status' for more information.
WARNING: [Project 1-577] IP run blk_mem_synth_1 is available but is out of date. Since the IP is locked, the synthesis checkpoint cannot be updated. The out-of-date checkpoint will be used and it may result in incorrect behavior.
Please select 'Report IP Status' from the 'Tools/Report' menu or run the Tcl command 'report_ip_status' for more information.
WARNING: [Project 1-577] IP run mult_synth_1 is available but is out of date. Since the IP is locked, the synthesis checkpoint cannot be updated. The out-of-date checkpoint will be used and it may result in incorrect behavior.
Please select 'Report IP Status' from the 'Tools/Report' menu or run the Tcl command 'report_ip_status' for more information.
WARNING: [Project 1-577] IP run instrmemory_synth_1 is available but is out of date. Since the IP is locked, the synthesis checkpoint cannot be updated. The out-of-date checkpoint will be used and it may result in incorrect behavior.
Please select 'Report IP Status' from the 'Tools/Report' menu or run the Tcl command 'report_ip_status' for more information.
WARNING: [Project 1-577] IP run DataFIFO_synth_1 is available but is out of date. Since the IP is locked, the synthesis checkpoint cannot be updated. The out-of-date checkpoint will be used and it may result in incorrect behavior.
Please select 'Report IP Status' from the 'Tools/Report' menu or run the Tcl command 'report_ip_status' for more information.
WARNING: [Project 1-577] IP run FilterRam_synth_1 is available but is out of date. Since the IP is locked, the synthesis checkpoint cannot be updated. The out-of-date checkpoint will be used and it may result in incorrect behavior.
Please select 'Report IP Status' from the 'Tools/Report' menu or run the Tcl command 'report_ip_status' for more information.
WARNING: [Runs 36-337] The following IPs are either missing output products or output products are not up-to-date for Synthesis target. Since these IPs are locked, no update to the output products can be done. 
Please select 'Report IP Status' from the 'Tools/Report' menu or run Tcl command 'report_ip_status' for more information.
E:/vivado_workspace/20190930_test/WRA_NOCORE/V3/V3.srcs/sources_1/ip/blk_mem/blk_mem.xci

WARNING: [Runs 36-337] The following IPs are either missing output products or output products are not up-to-date for Synthesis target. Since these IPs are locked, no update to the output products can be done. 
Please select 'Report IP Status' from the 'Tools/Report' menu or run Tcl command 'report_ip_status' for more information.
E:/vivado_workspace/20190930_test/WRA_NOCORE/V3/V3.srcs/sources_1/ip/mult/mult.xci

WARNING: [Runs 36-337] The following IPs are either missing output products or output products are not up-to-date for Synthesis target. Since these IPs are locked, no update to the output products can be done. 
Please select 'Report IP Status' from the 'Tools/Report' menu or run Tcl command 'report_ip_status' for more information.
E:/vivado_workspace/20190930_test/WRA_NOCORE/V3/V3.srcs/sources_1/ip/instrmemory/instrmemory.xci

WARNING: [Runs 36-337] The following IPs are either missing output products or output products are not up-to-date for Synthesis target. Since these IPs are locked, no update to the output products can be done. 
Please select 'Report IP Status' from the 'Tools/Report' menu or run Tcl command 'report_ip_status' for more information.
E:/vivado_workspace/20190930_test/WRA_NOCORE/V3/V3.srcs/sources_1/ip/DataFIFO/DataFIFO.xci

WARNING: [Runs 36-337] The following IPs are either missing output products or output products are not up-to-date for Synthesis target. Since these IPs are locked, no update to the output products can be done. 
Please select 'Report IP Status' from the 'Tools/Report' menu or run Tcl command 'report_ip_status' for more information.
E:/vivado_workspace/20190930_test/WRA_NOCORE/V3/V3.srcs/sources_1/ip/FilterRam/FilterRam.xci

WARNING: [Runs 36-337] The following IPs are either missing output products or output products are not up-to-date for Synthesis target. Since these IPs are locked, no update to the output products can be done. 
Please select 'Report IP Status' from the 'Tools/Report' menu or run Tcl command 'report_ip_status' for more information.
E:/vivado_workspace/20190930_test/WRA_NOCORE/V3/V3.srcs/sources_1/ip/blk_mem_gfgt_1/blk_mem_gfgt.xci

WARNING: [Project 1-576] IP 'E:/vivado_workspace/20190930_test/WRA_NOCORE/V3/V3.srcs/sources_1/ip/blk_mem/blk_mem.xci' in run blk_mem_synth_1 is locked, no out-of-context (OOC) run will be launched. The run may not be able to complete.
Please select 'Report IP Status' from 'Tools/Report' or run the Tcl command 'report_ip_status' for more information.
WARNING: [Project 1-576] IP 'E:/vivado_workspace/20190930_test/WRA_NOCORE/V3/V3.srcs/sources_1/ip/mult/mult.xci' in run mult_synth_1 is locked, no out-of-context (OOC) run will be launched. The run may not be able to complete.
Please select 'Report IP Status' from 'Tools/Report' or run the Tcl command 'report_ip_status' for more information.
WARNING: [Project 1-576] IP 'E:/vivado_workspace/20190930_test/WRA_NOCORE/V3/V3.srcs/sources_1/ip/instrmemory/instrmemory.xci' in run instrmemory_synth_1 is locked, no out-of-context (OOC) run will be launched. The run may not be able to complete.
Please select 'Report IP Status' from 'Tools/Report' or run the Tcl command 'report_ip_status' for more information.
WARNING: [Project 1-576] IP 'E:/vivado_workspace/20190930_test/WRA_NOCORE/V3/V3.srcs/sources_1/ip/DataFIFO/DataFIFO.xci' in run DataFIFO_synth_1 is locked, no out-of-context (OOC) run will be launched. The run may not be able to complete.
Please select 'Report IP Status' from 'Tools/Report' or run the Tcl command 'report_ip_status' for more information.
WARNING: [Project 1-576] IP 'E:/vivado_workspace/20190930_test/WRA_NOCORE/V3/V3.srcs/sources_1/ip/FilterRam/FilterRam.xci' in run FilterRam_synth_1 is locked, no out-of-context (OOC) run will be launched. The run may not be able to complete.
Please select 'Report IP Status' from 'Tools/Report' or run the Tcl command 'report_ip_status' for more information.
[Sun Nov 24 16:44:58 2019] Launched blk_mem_synth_1, mult_synth_1, instrmemory_synth_1, DataFIFO_synth_1, FilterRam_synth_1...
Run output will be captured here:
blk_mem_synth_1: E:/vivado_workspace/20190930_test/WRA_NOCORE/V3/V3.runs/blk_mem_synth_1/runme.log
mult_synth_1: E:/vivado_workspace/20190930_test/WRA_NOCORE/V3/V3.runs/mult_synth_1/runme.log
instrmemory_synth_1: E:/vivado_workspace/20190930_test/WRA_NOCORE/V3/V3.runs/instrmemory_synth_1/runme.log
DataFIFO_synth_1: E:/vivado_workspace/20190930_test/WRA_NOCORE/V3/V3.runs/DataFIFO_synth_1/runme.log
FilterRam_synth_1: E:/vivado_workspace/20190930_test/WRA_NOCORE/V3/V3.runs/FilterRam_synth_1/runme.log
[Sun Nov 24 16:44:59 2019] Launched synth_1...
Run output will be captured here: E:/vivado_workspace/20190930_test/WRA_NOCORE/V3/V3.runs/synth_1/runme.log
export_ip_user_files -of_objects  [get_files E:/vivado_workspace/20190930_test/Project/AT421-MN-80001-r0p0-02rel0/filterdata.coe] -no_script -reset -force -quiet
remove_files  E:/vivado_workspace/20190930_test/Project/AT421-MN-80001-r0p0-02rel0/filterdata.coe
remove_files  E:/vivado_workspace/20190930_test/Project/AT421-MN-80001-r0p0-02rel0/filterdata.coe
WARNING: [Vivado 12-818] No files matched 'E:/vivado_workspace/20190930_test/Project/AT421-MN-80001-r0p0-02rel0/filterdata.coe'
